{
  "stats": {
    "suites": 7,
    "tests": 27,
    "passes": 25,
    "pending": 0,
    "failures": 2,
    "start": "2018-02-27T09:32:00.236Z",
    "end": "2018-02-27T09:32:00.308Z",
    "duration": 72,
    "testsRegistered": 27,
    "passPercent": 92.6,
    "pendingPercent": 0,
    "other": 0,
    "hasOther": false,
    "skipped": 0,
    "hasSkipped": false,
    "passPercentClass": "success",
    "pendingPercentClass": "danger"
  },
  "suites": {
    "title": "",
    "suites": [
      {
        "title": "基本运算检测",
        "suites": [],
        "tests": [
          {
            "title": "1 + 1 = 2",
            "fullTitle": "基本运算检测 1 + 1 = 2",
            "timedOut": false,
            "duration": 2,
            "state": "passed",
            "speed": "fast",
            "pass": true,
            "fail": false,
            "pending": false,
            "code": "expect(csum(\"1+1\")).to.be.equal(2);",
            "err": {},
            "isRoot": false,
            "uuid": "91c31013-1f97-4c7c-952f-27a6839dad0c",
            "parentUUID": "57737cef-7810-4d56-a1bf-85e4048f827f",
            "isHook": false,
            "skipped": false
          },
          {
            "title": "1 - 1 = 0",
            "fullTitle": "基本运算检测 1 - 1 = 0",
            "timedOut": false,
            "duration": 0,
            "state": "passed",
            "speed": "fast",
            "pass": true,
            "fail": false,
            "pending": false,
            "code": "expect(csum(\"1-1\")).to.be.equal(0);",
            "err": {},
            "isRoot": false,
            "uuid": "d5fc357e-9d35-473b-a5e3-2c350a37eb78",
            "parentUUID": "57737cef-7810-4d56-a1bf-85e4048f827f",
            "isHook": false,
            "skipped": false
          },
          {
            "title": "1 * 2 = 2",
            "fullTitle": "基本运算检测 1 * 2 = 2",
            "timedOut": false,
            "duration": 1,
            "state": "passed",
            "speed": "fast",
            "pass": true,
            "fail": false,
            "pending": false,
            "code": "expect(csum(\"1*2\")).to.be.equal(2);",
            "err": {},
            "isRoot": false,
            "uuid": "5f3ad577-3707-49cd-ab0b-aa3e3542197b",
            "parentUUID": "57737cef-7810-4d56-a1bf-85e4048f827f",
            "isHook": false,
            "skipped": false
          },
          {
            "title": "2 / 2 = 1",
            "fullTitle": "基本运算检测 2 / 2 = 1",
            "timedOut": false,
            "duration": 1,
            "state": "passed",
            "speed": "fast",
            "pass": true,
            "fail": false,
            "pending": false,
            "code": "expect(csum(\"2/2\")).to.be.equal(1);",
            "err": {},
            "isRoot": false,
            "uuid": "4eeb5c4f-1570-4ea2-a805-f2987a985645",
            "parentUUID": "57737cef-7810-4d56-a1bf-85e4048f827f",
            "isHook": false,
            "skipped": false
          },
          {
            "title": "3 % 2 = 1",
            "fullTitle": "基本运算检测 3 % 2 = 1",
            "timedOut": false,
            "duration": 1,
            "state": "passed",
            "speed": "fast",
            "pass": true,
            "fail": false,
            "pending": false,
            "code": "expect(csum(\"3%2\")).to.be.equal(1);",
            "err": {},
            "isRoot": false,
            "uuid": "601f1bf2-03c3-4612-871f-3951f373841a",
            "parentUUID": "57737cef-7810-4d56-a1bf-85e4048f827f",
            "isHook": false,
            "skipped": false
          },
          {
            "title": "2 ^ 2 =4",
            "fullTitle": "基本运算检测 2 ^ 2 =4",
            "timedOut": false,
            "duration": 1,
            "state": "passed",
            "speed": "fast",
            "pass": true,
            "fail": false,
            "pending": false,
            "code": "expect(csum(\"2^2\")).to.be.equal(4);",
            "err": {},
            "isRoot": false,
            "uuid": "0c231883-20f6-424d-97ff-6fee85b1159a",
            "parentUUID": "57737cef-7810-4d56-a1bf-85e4048f827f",
            "isHook": false,
            "skipped": false
          },
          {
            "title": "1+(1+1)*3^2",
            "fullTitle": "基本运算检测 1+(1+1)*3^2",
            "timedOut": false,
            "duration": 1,
            "state": "passed",
            "speed": "fast",
            "pass": true,
            "fail": false,
            "pending": false,
            "code": "expect(csum(\"1+(1+1)*3^2\")).to.be.equal(19);",
            "err": {},
            "isRoot": false,
            "uuid": "9c15048a-d7b3-4b5a-87b3-2cf42388e771",
            "parentUUID": "57737cef-7810-4d56-a1bf-85e4048f827f",
            "isHook": false,
            "skipped": false
          },
          {
            "title": "2^2^2",
            "fullTitle": "基本运算检测 2^2^2",
            "timedOut": false,
            "duration": 0,
            "state": "passed",
            "speed": "fast",
            "pass": true,
            "fail": false,
            "pending": false,
            "code": "expect(csum(\"2^2^2\")).to.be.equal(16);",
            "err": {},
            "isRoot": false,
            "uuid": "bf62c5ea-24d8-4854-863b-aeaf4927dd48",
            "parentUUID": "57737cef-7810-4d56-a1bf-85e4048f827f",
            "isHook": false,
            "skipped": false
          },
          {
            "title": "(-1+1++++1)",
            "fullTitle": "基本运算检测 (-1+1++++1)",
            "timedOut": false,
            "duration": 1,
            "state": "passed",
            "speed": "fast",
            "pass": true,
            "fail": false,
            "pending": false,
            "code": "expect(csum(\"(-1+1++++1)\")).to.be.equal(1);",
            "err": {},
            "isRoot": false,
            "uuid": "9d0a91db-0e55-4ef3-a745-742cd3707f78",
            "parentUUID": "57737cef-7810-4d56-a1bf-85e4048f827f",
            "isHook": false,
            "skipped": false
          }
        ],
        "pending": [],
        "root": false,
        "_timeout": 2000,
        "file": "\\test\\main.test.js",
        "uuid": "57737cef-7810-4d56-a1bf-85e4048f827f",
        "beforeHooks": [],
        "afterHooks": [],
        "fullFile": "C:\\Users\\winack\\WebstormProjects\\calc\\test\\main.test.js",
        "passes": [
          {
            "title": "1 + 1 = 2",
            "fullTitle": "基本运算检测 1 + 1 = 2",
            "timedOut": false,
            "duration": 2,
            "state": "passed",
            "speed": "fast",
            "pass": true,
            "fail": false,
            "pending": false,
            "code": "expect(csum(\"1+1\")).to.be.equal(2);",
            "err": {},
            "isRoot": false,
            "uuid": "91c31013-1f97-4c7c-952f-27a6839dad0c",
            "parentUUID": "57737cef-7810-4d56-a1bf-85e4048f827f",
            "isHook": false,
            "skipped": false
          },
          {
            "title": "1 - 1 = 0",
            "fullTitle": "基本运算检测 1 - 1 = 0",
            "timedOut": false,
            "duration": 0,
            "state": "passed",
            "speed": "fast",
            "pass": true,
            "fail": false,
            "pending": false,
            "code": "expect(csum(\"1-1\")).to.be.equal(0);",
            "err": {},
            "isRoot": false,
            "uuid": "d5fc357e-9d35-473b-a5e3-2c350a37eb78",
            "parentUUID": "57737cef-7810-4d56-a1bf-85e4048f827f",
            "isHook": false,
            "skipped": false
          },
          {
            "title": "1 * 2 = 2",
            "fullTitle": "基本运算检测 1 * 2 = 2",
            "timedOut": false,
            "duration": 1,
            "state": "passed",
            "speed": "fast",
            "pass": true,
            "fail": false,
            "pending": false,
            "code": "expect(csum(\"1*2\")).to.be.equal(2);",
            "err": {},
            "isRoot": false,
            "uuid": "5f3ad577-3707-49cd-ab0b-aa3e3542197b",
            "parentUUID": "57737cef-7810-4d56-a1bf-85e4048f827f",
            "isHook": false,
            "skipped": false
          },
          {
            "title": "2 / 2 = 1",
            "fullTitle": "基本运算检测 2 / 2 = 1",
            "timedOut": false,
            "duration": 1,
            "state": "passed",
            "speed": "fast",
            "pass": true,
            "fail": false,
            "pending": false,
            "code": "expect(csum(\"2/2\")).to.be.equal(1);",
            "err": {},
            "isRoot": false,
            "uuid": "4eeb5c4f-1570-4ea2-a805-f2987a985645",
            "parentUUID": "57737cef-7810-4d56-a1bf-85e4048f827f",
            "isHook": false,
            "skipped": false
          },
          {
            "title": "3 % 2 = 1",
            "fullTitle": "基本运算检测 3 % 2 = 1",
            "timedOut": false,
            "duration": 1,
            "state": "passed",
            "speed": "fast",
            "pass": true,
            "fail": false,
            "pending": false,
            "code": "expect(csum(\"3%2\")).to.be.equal(1);",
            "err": {},
            "isRoot": false,
            "uuid": "601f1bf2-03c3-4612-871f-3951f373841a",
            "parentUUID": "57737cef-7810-4d56-a1bf-85e4048f827f",
            "isHook": false,
            "skipped": false
          },
          {
            "title": "2 ^ 2 =4",
            "fullTitle": "基本运算检测 2 ^ 2 =4",
            "timedOut": false,
            "duration": 1,
            "state": "passed",
            "speed": "fast",
            "pass": true,
            "fail": false,
            "pending": false,
            "code": "expect(csum(\"2^2\")).to.be.equal(4);",
            "err": {},
            "isRoot": false,
            "uuid": "0c231883-20f6-424d-97ff-6fee85b1159a",
            "parentUUID": "57737cef-7810-4d56-a1bf-85e4048f827f",
            "isHook": false,
            "skipped": false
          },
          {
            "title": "1+(1+1)*3^2",
            "fullTitle": "基本运算检测 1+(1+1)*3^2",
            "timedOut": false,
            "duration": 1,
            "state": "passed",
            "speed": "fast",
            "pass": true,
            "fail": false,
            "pending": false,
            "code": "expect(csum(\"1+(1+1)*3^2\")).to.be.equal(19);",
            "err": {},
            "isRoot": false,
            "uuid": "9c15048a-d7b3-4b5a-87b3-2cf42388e771",
            "parentUUID": "57737cef-7810-4d56-a1bf-85e4048f827f",
            "isHook": false,
            "skipped": false
          },
          {
            "title": "2^2^2",
            "fullTitle": "基本运算检测 2^2^2",
            "timedOut": false,
            "duration": 0,
            "state": "passed",
            "speed": "fast",
            "pass": true,
            "fail": false,
            "pending": false,
            "code": "expect(csum(\"2^2^2\")).to.be.equal(16);",
            "err": {},
            "isRoot": false,
            "uuid": "bf62c5ea-24d8-4854-863b-aeaf4927dd48",
            "parentUUID": "57737cef-7810-4d56-a1bf-85e4048f827f",
            "isHook": false,
            "skipped": false
          },
          {
            "title": "(-1+1++++1)",
            "fullTitle": "基本运算检测 (-1+1++++1)",
            "timedOut": false,
            "duration": 1,
            "state": "passed",
            "speed": "fast",
            "pass": true,
            "fail": false,
            "pending": false,
            "code": "expect(csum(\"(-1+1++++1)\")).to.be.equal(1);",
            "err": {},
            "isRoot": false,
            "uuid": "9d0a91db-0e55-4ef3-a745-742cd3707f78",
            "parentUUID": "57737cef-7810-4d56-a1bf-85e4048f827f",
            "isHook": false,
            "skipped": false
          }
        ],
        "failures": [],
        "skipped": [],
        "hasBeforeHooks": false,
        "hasAfterHooks": false,
        "hasTests": true,
        "hasSuites": false,
        "totalTests": 9,
        "totalPasses": 9,
        "totalFailures": 0,
        "totalPending": 0,
        "totalSkipped": 0,
        "hasPasses": true,
        "hasFailures": false,
        "hasPending": false,
        "hasSkipped": false,
        "duration": 8,
        "rootEmpty": false
      },
      {
        "title": "复杂加减检测",
        "suites": [],
        "tests": [
          {
            "title": "-1 + 2 = 1",
            "fullTitle": "复杂加减检测 -1 + 2 = 1",
            "timedOut": false,
            "duration": 0,
            "state": "passed",
            "speed": "fast",
            "pass": true,
            "fail": false,
            "pending": false,
            "code": "expect(csum(\"-1+2\")).to.be.equal(1);",
            "err": {},
            "isRoot": false,
            "uuid": "e65fd664-2005-401e-a131-b5ba4107e9b2",
            "parentUUID": "73eea274-f8bc-4131-87a5-be3d73b74aa8",
            "isHook": false,
            "skipped": false
          },
          {
            "title": "1 +- 1 = 0",
            "fullTitle": "复杂加减检测 1 +- 1 = 0",
            "timedOut": false,
            "duration": 0,
            "state": "passed",
            "speed": "fast",
            "pass": true,
            "fail": false,
            "pending": false,
            "code": "expect(csum(\"1+-1\")).to.be.equal(0);",
            "err": {},
            "isRoot": false,
            "uuid": "740d57d1-7480-4984-8956-272477bb46f5",
            "parentUUID": "73eea274-f8bc-4131-87a5-be3d73b74aa8",
            "isHook": false,
            "skipped": false
          },
          {
            "title": "2+++-1",
            "fullTitle": "复杂加减检测 2+++-1",
            "timedOut": false,
            "duration": 0,
            "state": "passed",
            "speed": "fast",
            "pass": true,
            "fail": false,
            "pending": false,
            "code": "expect(csum(\"2+++-1\")).to.be.equal(1);",
            "err": {},
            "isRoot": false,
            "uuid": "8b5e99eb-bff2-4da9-8409-88b3866c0bfb",
            "parentUUID": "73eea274-f8bc-4131-87a5-be3d73b74aa8",
            "isHook": false,
            "skipped": false
          }
        ],
        "pending": [],
        "root": false,
        "_timeout": 2000,
        "file": "\\test\\main.test.js",
        "uuid": "73eea274-f8bc-4131-87a5-be3d73b74aa8",
        "beforeHooks": [],
        "afterHooks": [],
        "fullFile": "C:\\Users\\winack\\WebstormProjects\\calc\\test\\main.test.js",
        "passes": [
          {
            "title": "-1 + 2 = 1",
            "fullTitle": "复杂加减检测 -1 + 2 = 1",
            "timedOut": false,
            "duration": 0,
            "state": "passed",
            "speed": "fast",
            "pass": true,
            "fail": false,
            "pending": false,
            "code": "expect(csum(\"-1+2\")).to.be.equal(1);",
            "err": {},
            "isRoot": false,
            "uuid": "e65fd664-2005-401e-a131-b5ba4107e9b2",
            "parentUUID": "73eea274-f8bc-4131-87a5-be3d73b74aa8",
            "isHook": false,
            "skipped": false
          },
          {
            "title": "1 +- 1 = 0",
            "fullTitle": "复杂加减检测 1 +- 1 = 0",
            "timedOut": false,
            "duration": 0,
            "state": "passed",
            "speed": "fast",
            "pass": true,
            "fail": false,
            "pending": false,
            "code": "expect(csum(\"1+-1\")).to.be.equal(0);",
            "err": {},
            "isRoot": false,
            "uuid": "740d57d1-7480-4984-8956-272477bb46f5",
            "parentUUID": "73eea274-f8bc-4131-87a5-be3d73b74aa8",
            "isHook": false,
            "skipped": false
          },
          {
            "title": "2+++-1",
            "fullTitle": "复杂加减检测 2+++-1",
            "timedOut": false,
            "duration": 0,
            "state": "passed",
            "speed": "fast",
            "pass": true,
            "fail": false,
            "pending": false,
            "code": "expect(csum(\"2+++-1\")).to.be.equal(1);",
            "err": {},
            "isRoot": false,
            "uuid": "8b5e99eb-bff2-4da9-8409-88b3866c0bfb",
            "parentUUID": "73eea274-f8bc-4131-87a5-be3d73b74aa8",
            "isHook": false,
            "skipped": false
          }
        ],
        "failures": [],
        "skipped": [],
        "hasBeforeHooks": false,
        "hasAfterHooks": false,
        "hasTests": true,
        "hasSuites": false,
        "totalTests": 3,
        "totalPasses": 3,
        "totalFailures": 0,
        "totalPending": 0,
        "totalSkipped": 0,
        "hasPasses": true,
        "hasFailures": false,
        "hasPending": false,
        "hasSkipped": false,
        "duration": 0,
        "rootEmpty": false
      },
      {
        "title": "空白符检测",
        "suites": [],
        "tests": [
          {
            "title": "-1 + 1 = 0",
            "fullTitle": "空白符检测 -1 + 1 = 0",
            "timedOut": false,
            "duration": 0,
            "state": "passed",
            "speed": "fast",
            "pass": true,
            "fail": false,
            "pending": false,
            "code": "expect(csum(\" -1 + 1\")).to.be.equal(0);",
            "err": {},
            "isRoot": false,
            "uuid": "6ce5bfe6-59db-4f68-b87e-f17b67a950db",
            "parentUUID": "c13565d0-322f-4fcb-a194-7b08948d2fad",
            "isHook": false,
            "skipped": false
          },
          {
            "title": " -  1 + + 2 = 1",
            "fullTitle": "空白符检测  -  1 + + 2 = 1",
            "timedOut": false,
            "duration": 2,
            "state": "failed",
            "pass": false,
            "fail": true,
            "pending": false,
            "code": "expect(csum(\" -  1 + + 2 \")).to.be.equal(1);",
            "err": {
              "message": "AssertionError: expected [Error: 14:12] to equal 1",
              "estack": "AssertionError: expected [Error: 14:12] to equal 1\n    at Context.<anonymous> (C:/Users/winack/WebstormProjects/calc/test/main.test.js:50:44)"
            },
            "isRoot": false,
            "uuid": "0032c654-45dc-4e3f-9699-8a714e9e1868",
            "parentUUID": "c13565d0-322f-4fcb-a194-7b08948d2fad",
            "isHook": false,
            "skipped": false
          },
          {
            "title": "- 1 * 2",
            "fullTitle": "空白符检测 - 1 * 2",
            "timedOut": false,
            "duration": 0,
            "state": "failed",
            "pass": false,
            "fail": true,
            "pending": false,
            "code": "expect(csum(\"- 1 * 2 \")).to.be.equal(-2);",
            "err": {
              "message": "AssertionError: expected [Error: 14:8] to equal -2",
              "estack": "AssertionError: expected [Error: 14:8] to equal -2\n    at Context.<anonymous> (C:/Users/winack/WebstormProjects/calc/test/main.test.js:53:40)"
            },
            "isRoot": false,
            "uuid": "815f4e03-c152-4c3c-846e-b16dda14d363",
            "parentUUID": "c13565d0-322f-4fcb-a194-7b08948d2fad",
            "isHook": false,
            "skipped": false
          }
        ],
        "pending": [],
        "root": false,
        "_timeout": 2000,
        "file": "\\test\\main.test.js",
        "uuid": "c13565d0-322f-4fcb-a194-7b08948d2fad",
        "beforeHooks": [],
        "afterHooks": [],
        "fullFile": "C:\\Users\\winack\\WebstormProjects\\calc\\test\\main.test.js",
        "passes": [
          {
            "title": "-1 + 1 = 0",
            "fullTitle": "空白符检测 -1 + 1 = 0",
            "timedOut": false,
            "duration": 0,
            "state": "passed",
            "speed": "fast",
            "pass": true,
            "fail": false,
            "pending": false,
            "code": "expect(csum(\" -1 + 1\")).to.be.equal(0);",
            "err": {},
            "isRoot": false,
            "uuid": "6ce5bfe6-59db-4f68-b87e-f17b67a950db",
            "parentUUID": "c13565d0-322f-4fcb-a194-7b08948d2fad",
            "isHook": false,
            "skipped": false
          }
        ],
        "failures": [
          {
            "title": " -  1 + + 2 = 1",
            "fullTitle": "空白符检测  -  1 + + 2 = 1",
            "timedOut": false,
            "duration": 2,
            "state": "failed",
            "pass": false,
            "fail": true,
            "pending": false,
            "code": "expect(csum(\" -  1 + + 2 \")).to.be.equal(1);",
            "err": {
              "message": "AssertionError: expected [Error: 14:12] to equal 1",
              "estack": "AssertionError: expected [Error: 14:12] to equal 1\n    at Context.<anonymous> (C:/Users/winack/WebstormProjects/calc/test/main.test.js:50:44)"
            },
            "isRoot": false,
            "uuid": "0032c654-45dc-4e3f-9699-8a714e9e1868",
            "parentUUID": "c13565d0-322f-4fcb-a194-7b08948d2fad",
            "isHook": false,
            "skipped": false
          },
          {
            "title": "- 1 * 2",
            "fullTitle": "空白符检测 - 1 * 2",
            "timedOut": false,
            "duration": 0,
            "state": "failed",
            "pass": false,
            "fail": true,
            "pending": false,
            "code": "expect(csum(\"- 1 * 2 \")).to.be.equal(-2);",
            "err": {
              "message": "AssertionError: expected [Error: 14:8] to equal -2",
              "estack": "AssertionError: expected [Error: 14:8] to equal -2\n    at Context.<anonymous> (C:/Users/winack/WebstormProjects/calc/test/main.test.js:53:40)"
            },
            "isRoot": false,
            "uuid": "815f4e03-c152-4c3c-846e-b16dda14d363",
            "parentUUID": "c13565d0-322f-4fcb-a194-7b08948d2fad",
            "isHook": false,
            "skipped": false
          }
        ],
        "skipped": [],
        "hasBeforeHooks": false,
        "hasAfterHooks": false,
        "hasTests": true,
        "hasSuites": false,
        "totalTests": 3,
        "totalPasses": 1,
        "totalFailures": 2,
        "totalPending": 0,
        "totalSkipped": 0,
        "hasPasses": true,
        "hasFailures": true,
        "hasPending": false,
        "hasSkipped": false,
        "duration": 2,
        "rootEmpty": false
      },
      {
        "title": "常量检测",
        "suites": [],
        "tests": [
          {
            "title": "pi+1",
            "fullTitle": "常量检测 pi+1",
            "timedOut": false,
            "duration": 0,
            "state": "passed",
            "speed": "fast",
            "pass": true,
            "fail": false,
            "pending": false,
            "code": "expect(csum(\"pi+1\")).to.be.equal(Math.PI + 1);",
            "err": {},
            "isRoot": false,
            "uuid": "3c3ef498-1e37-4e45-a164-098b931cd1be",
            "parentUUID": "f433b3ff-2694-4517-b5dc-736de5ccd260",
            "isHook": false,
            "skipped": false
          }
        ],
        "pending": [],
        "root": false,
        "_timeout": 2000,
        "file": "\\test\\main.test.js",
        "uuid": "f433b3ff-2694-4517-b5dc-736de5ccd260",
        "beforeHooks": [],
        "afterHooks": [],
        "fullFile": "C:\\Users\\winack\\WebstormProjects\\calc\\test\\main.test.js",
        "passes": [
          {
            "title": "pi+1",
            "fullTitle": "常量检测 pi+1",
            "timedOut": false,
            "duration": 0,
            "state": "passed",
            "speed": "fast",
            "pass": true,
            "fail": false,
            "pending": false,
            "code": "expect(csum(\"pi+1\")).to.be.equal(Math.PI + 1);",
            "err": {},
            "isRoot": false,
            "uuid": "3c3ef498-1e37-4e45-a164-098b931cd1be",
            "parentUUID": "f433b3ff-2694-4517-b5dc-736de5ccd260",
            "isHook": false,
            "skipped": false
          }
        ],
        "failures": [],
        "skipped": [],
        "hasBeforeHooks": false,
        "hasAfterHooks": false,
        "hasTests": true,
        "hasSuites": false,
        "totalTests": 1,
        "totalPasses": 1,
        "totalFailures": 0,
        "totalPending": 0,
        "totalSkipped": 0,
        "hasPasses": true,
        "hasFailures": false,
        "hasPending": false,
        "hasSkipped": false,
        "duration": 0,
        "rootEmpty": false
      },
      {
        "title": "函数检测",
        "suites": [],
        "tests": [
          {
            "title": "sin(30)",
            "fullTitle": "函数检测 sin(30)",
            "timedOut": false,
            "duration": 0,
            "state": "passed",
            "speed": "fast",
            "pass": true,
            "fail": false,
            "pending": false,
            "code": "expect(csum(\"sin(30)\")).to.be.equal(Math.sin(30 * Math.PI / 180));",
            "err": {},
            "isRoot": false,
            "uuid": "a0e478f2-3272-4509-9bf6-9f98ff831b7b",
            "parentUUID": "691d9e92-37eb-483b-a304-b2437c463d3c",
            "isHook": false,
            "skipped": false
          },
          {
            "title": "pow(2,pow(2,2))",
            "fullTitle": "函数检测 pow(2,pow(2,2))",
            "timedOut": false,
            "duration": 0,
            "state": "passed",
            "speed": "fast",
            "pass": true,
            "fail": false,
            "pending": false,
            "code": "expect(csum(\"pow(2,pow(2,2))\")).to.be.equal(16);",
            "err": {},
            "isRoot": false,
            "uuid": "061a524d-06c9-40d5-a38f-ebd06ee64098",
            "parentUUID": "691d9e92-37eb-483b-a304-b2437c463d3c",
            "isHook": false,
            "skipped": false
          },
          {
            "title": "pow(pow(2,2),pow(2,2))",
            "fullTitle": "函数检测 pow(pow(2,2),pow(2,2))",
            "timedOut": false,
            "duration": 0,
            "state": "passed",
            "speed": "fast",
            "pass": true,
            "fail": false,
            "pending": false,
            "code": "expect(csum(\"pow(pow(2,2),pow(2,2))\")).to.be.equal(256);",
            "err": {},
            "isRoot": false,
            "uuid": "8fc6538d-5246-412a-9606-7782f6071729",
            "parentUUID": "691d9e92-37eb-483b-a304-b2437c463d3c",
            "isHook": false,
            "skipped": false
          }
        ],
        "pending": [],
        "root": false,
        "_timeout": 2000,
        "file": "\\test\\main.test.js",
        "uuid": "691d9e92-37eb-483b-a304-b2437c463d3c",
        "beforeHooks": [],
        "afterHooks": [],
        "fullFile": "C:\\Users\\winack\\WebstormProjects\\calc\\test\\main.test.js",
        "passes": [
          {
            "title": "sin(30)",
            "fullTitle": "函数检测 sin(30)",
            "timedOut": false,
            "duration": 0,
            "state": "passed",
            "speed": "fast",
            "pass": true,
            "fail": false,
            "pending": false,
            "code": "expect(csum(\"sin(30)\")).to.be.equal(Math.sin(30 * Math.PI / 180));",
            "err": {},
            "isRoot": false,
            "uuid": "a0e478f2-3272-4509-9bf6-9f98ff831b7b",
            "parentUUID": "691d9e92-37eb-483b-a304-b2437c463d3c",
            "isHook": false,
            "skipped": false
          },
          {
            "title": "pow(2,pow(2,2))",
            "fullTitle": "函数检测 pow(2,pow(2,2))",
            "timedOut": false,
            "duration": 0,
            "state": "passed",
            "speed": "fast",
            "pass": true,
            "fail": false,
            "pending": false,
            "code": "expect(csum(\"pow(2,pow(2,2))\")).to.be.equal(16);",
            "err": {},
            "isRoot": false,
            "uuid": "061a524d-06c9-40d5-a38f-ebd06ee64098",
            "parentUUID": "691d9e92-37eb-483b-a304-b2437c463d3c",
            "isHook": false,
            "skipped": false
          },
          {
            "title": "pow(pow(2,2),pow(2,2))",
            "fullTitle": "函数检测 pow(pow(2,2),pow(2,2))",
            "timedOut": false,
            "duration": 0,
            "state": "passed",
            "speed": "fast",
            "pass": true,
            "fail": false,
            "pending": false,
            "code": "expect(csum(\"pow(pow(2,2),pow(2,2))\")).to.be.equal(256);",
            "err": {},
            "isRoot": false,
            "uuid": "8fc6538d-5246-412a-9606-7782f6071729",
            "parentUUID": "691d9e92-37eb-483b-a304-b2437c463d3c",
            "isHook": false,
            "skipped": false
          }
        ],
        "failures": [],
        "skipped": [],
        "hasBeforeHooks": false,
        "hasAfterHooks": false,
        "hasTests": true,
        "hasSuites": false,
        "totalTests": 3,
        "totalPasses": 3,
        "totalFailures": 0,
        "totalPending": 0,
        "totalSkipped": 0,
        "hasPasses": true,
        "hasFailures": false,
        "hasPending": false,
        "hasSkipped": false,
        "duration": 0,
        "rootEmpty": false
      },
      {
        "title": "特殊检测",
        "suites": [],
        "tests": [
          {
            "title": "-1",
            "fullTitle": "特殊检测 -1",
            "timedOut": false,
            "duration": 0,
            "state": "passed",
            "speed": "fast",
            "pass": true,
            "fail": false,
            "pending": false,
            "code": "expect(csum(\"-1\")).to.be.equal(-1);",
            "err": {},
            "isRoot": false,
            "uuid": "983e1c76-3574-42e3-be33-0b3bc99f9b7a",
            "parentUUID": "f33d91fd-d087-4ba8-a0f1-d263843f4ddb",
            "isHook": false,
            "skipped": false
          },
          {
            "title": "-1+(+1)",
            "fullTitle": "特殊检测 -1+(+1)",
            "timedOut": false,
            "duration": 0,
            "state": "passed",
            "speed": "fast",
            "pass": true,
            "fail": false,
            "pending": false,
            "code": "expect(csum(\"-1+(+1)\")).to.be.equal(0);",
            "err": {},
            "isRoot": false,
            "uuid": "668b3b2f-f59e-4cca-a194-e60d2939052b",
            "parentUUID": "f33d91fd-d087-4ba8-a0f1-d263843f4ddb",
            "isHook": false,
            "skipped": false
          },
          {
            "title": "1+++2-+1",
            "fullTitle": "特殊检测 1+++2-+1",
            "timedOut": false,
            "duration": 0,
            "state": "passed",
            "speed": "fast",
            "pass": true,
            "fail": false,
            "pending": false,
            "code": "expect(csum(\"1+++2-+1\")).to.be.equal(2);",
            "err": {},
            "isRoot": false,
            "uuid": "e9cfb90c-8d60-49cb-bccd-16bb3349233f",
            "parentUUID": "f33d91fd-d087-4ba8-a0f1-d263843f4ddb",
            "isHook": false,
            "skipped": false
          }
        ],
        "pending": [],
        "root": false,
        "_timeout": 2000,
        "file": "\\test\\main.test.js",
        "uuid": "f33d91fd-d087-4ba8-a0f1-d263843f4ddb",
        "beforeHooks": [],
        "afterHooks": [],
        "fullFile": "C:\\Users\\winack\\WebstormProjects\\calc\\test\\main.test.js",
        "passes": [
          {
            "title": "-1",
            "fullTitle": "特殊检测 -1",
            "timedOut": false,
            "duration": 0,
            "state": "passed",
            "speed": "fast",
            "pass": true,
            "fail": false,
            "pending": false,
            "code": "expect(csum(\"-1\")).to.be.equal(-1);",
            "err": {},
            "isRoot": false,
            "uuid": "983e1c76-3574-42e3-be33-0b3bc99f9b7a",
            "parentUUID": "f33d91fd-d087-4ba8-a0f1-d263843f4ddb",
            "isHook": false,
            "skipped": false
          },
          {
            "title": "-1+(+1)",
            "fullTitle": "特殊检测 -1+(+1)",
            "timedOut": false,
            "duration": 0,
            "state": "passed",
            "speed": "fast",
            "pass": true,
            "fail": false,
            "pending": false,
            "code": "expect(csum(\"-1+(+1)\")).to.be.equal(0);",
            "err": {},
            "isRoot": false,
            "uuid": "668b3b2f-f59e-4cca-a194-e60d2939052b",
            "parentUUID": "f33d91fd-d087-4ba8-a0f1-d263843f4ddb",
            "isHook": false,
            "skipped": false
          },
          {
            "title": "1+++2-+1",
            "fullTitle": "特殊检测 1+++2-+1",
            "timedOut": false,
            "duration": 0,
            "state": "passed",
            "speed": "fast",
            "pass": true,
            "fail": false,
            "pending": false,
            "code": "expect(csum(\"1+++2-+1\")).to.be.equal(2);",
            "err": {},
            "isRoot": false,
            "uuid": "e9cfb90c-8d60-49cb-bccd-16bb3349233f",
            "parentUUID": "f33d91fd-d087-4ba8-a0f1-d263843f4ddb",
            "isHook": false,
            "skipped": false
          }
        ],
        "failures": [],
        "skipped": [],
        "hasBeforeHooks": false,
        "hasAfterHooks": false,
        "hasTests": true,
        "hasSuites": false,
        "totalTests": 3,
        "totalPasses": 3,
        "totalFailures": 0,
        "totalPending": 0,
        "totalSkipped": 0,
        "hasPasses": true,
        "hasFailures": false,
        "hasPending": false,
        "hasSkipped": false,
        "duration": 0,
        "rootEmpty": false
      },
      {
        "title": "错误检测",
        "suites": [],
        "tests": [
          {
            "title": "ssin(30)",
            "fullTitle": "错误检测 ssin(30)",
            "timedOut": false,
            "duration": 1,
            "state": "passed",
            "speed": "fast",
            "pass": true,
            "fail": false,
            "pending": false,
            "code": "expect(csum(\"ssin(30)\")).to.be.an.instanceOf(Error);",
            "err": {},
            "isRoot": false,
            "uuid": "6f91acca-23b8-45a4-9e4d-7fe888e06c7f",
            "parentUUID": "1bee2223-d3e5-4662-8dd6-9e63ac0f39bd",
            "isHook": false,
            "skipped": false
          },
          {
            "title": "3sin(30)",
            "fullTitle": "错误检测 3sin(30)",
            "timedOut": false,
            "duration": 0,
            "state": "passed",
            "speed": "fast",
            "pass": true,
            "fail": false,
            "pending": false,
            "code": "expect(csum(\"3din(30)\")).to.be.an.instanceOf(Error);",
            "err": {},
            "isRoot": false,
            "uuid": "995185d4-b896-4499-9d9d-7600a20df77c",
            "parentUUID": "1bee2223-d3e5-4662-8dd6-9e63ac0f39bd",
            "isHook": false,
            "skipped": false
          },
          {
            "title": "1+2*(1+1))",
            "fullTitle": "错误检测 1+2*(1+1))",
            "timedOut": false,
            "duration": 0,
            "state": "passed",
            "speed": "fast",
            "pass": true,
            "fail": false,
            "pending": false,
            "code": "expect(csum(\"1+2*(1+1))\")).to.be.an.instanceOf(Error);",
            "err": {},
            "isRoot": false,
            "uuid": "301c3e74-deba-48b4-869d-e9d16909d749",
            "parentUUID": "1bee2223-d3e5-4662-8dd6-9e63ac0f39bd",
            "isHook": false,
            "skipped": false
          },
          {
            "title": "1+po w(2,2)",
            "fullTitle": "错误检测 1+po w(2,2)",
            "timedOut": false,
            "duration": 1,
            "state": "passed",
            "speed": "fast",
            "pass": true,
            "fail": false,
            "pending": false,
            "code": "expect(csum(\"1+po w(2,2)\")).to.be.an.instanceof(Error);",
            "err": {},
            "isRoot": false,
            "uuid": "b3b841e4-a39a-46cb-b8a3-7c61dc6c0605",
            "parentUUID": "1bee2223-d3e5-4662-8dd6-9e63ac0f39bd",
            "isHook": false,
            "skipped": false
          },
          {
            "title": "1+pow(2,2,2)",
            "fullTitle": "错误检测 1+pow(2,2,2)",
            "timedOut": false,
            "duration": 0,
            "state": "passed",
            "speed": "fast",
            "pass": true,
            "fail": false,
            "pending": false,
            "code": "expect(csum(\"1+pow(2,2,2)\")).to.be.an.instanceof(Error);",
            "err": {},
            "isRoot": false,
            "uuid": "34380079-640d-479a-910a-038996a1f436",
            "parentUUID": "1bee2223-d3e5-4662-8dd6-9e63ac0f39bd",
            "isHook": false,
            "skipped": false
          }
        ],
        "pending": [],
        "root": false,
        "_timeout": 2000,
        "file": "\\test\\main.test.js",
        "uuid": "1bee2223-d3e5-4662-8dd6-9e63ac0f39bd",
        "beforeHooks": [],
        "afterHooks": [],
        "fullFile": "C:\\Users\\winack\\WebstormProjects\\calc\\test\\main.test.js",
        "passes": [
          {
            "title": "ssin(30)",
            "fullTitle": "错误检测 ssin(30)",
            "timedOut": false,
            "duration": 1,
            "state": "passed",
            "speed": "fast",
            "pass": true,
            "fail": false,
            "pending": false,
            "code": "expect(csum(\"ssin(30)\")).to.be.an.instanceOf(Error);",
            "err": {},
            "isRoot": false,
            "uuid": "6f91acca-23b8-45a4-9e4d-7fe888e06c7f",
            "parentUUID": "1bee2223-d3e5-4662-8dd6-9e63ac0f39bd",
            "isHook": false,
            "skipped": false
          },
          {
            "title": "3sin(30)",
            "fullTitle": "错误检测 3sin(30)",
            "timedOut": false,
            "duration": 0,
            "state": "passed",
            "speed": "fast",
            "pass": true,
            "fail": false,
            "pending": false,
            "code": "expect(csum(\"3din(30)\")).to.be.an.instanceOf(Error);",
            "err": {},
            "isRoot": false,
            "uuid": "995185d4-b896-4499-9d9d-7600a20df77c",
            "parentUUID": "1bee2223-d3e5-4662-8dd6-9e63ac0f39bd",
            "isHook": false,
            "skipped": false
          },
          {
            "title": "1+2*(1+1))",
            "fullTitle": "错误检测 1+2*(1+1))",
            "timedOut": false,
            "duration": 0,
            "state": "passed",
            "speed": "fast",
            "pass": true,
            "fail": false,
            "pending": false,
            "code": "expect(csum(\"1+2*(1+1))\")).to.be.an.instanceOf(Error);",
            "err": {},
            "isRoot": false,
            "uuid": "301c3e74-deba-48b4-869d-e9d16909d749",
            "parentUUID": "1bee2223-d3e5-4662-8dd6-9e63ac0f39bd",
            "isHook": false,
            "skipped": false
          },
          {
            "title": "1+po w(2,2)",
            "fullTitle": "错误检测 1+po w(2,2)",
            "timedOut": false,
            "duration": 1,
            "state": "passed",
            "speed": "fast",
            "pass": true,
            "fail": false,
            "pending": false,
            "code": "expect(csum(\"1+po w(2,2)\")).to.be.an.instanceof(Error);",
            "err": {},
            "isRoot": false,
            "uuid": "b3b841e4-a39a-46cb-b8a3-7c61dc6c0605",
            "parentUUID": "1bee2223-d3e5-4662-8dd6-9e63ac0f39bd",
            "isHook": false,
            "skipped": false
          },
          {
            "title": "1+pow(2,2,2)",
            "fullTitle": "错误检测 1+pow(2,2,2)",
            "timedOut": false,
            "duration": 0,
            "state": "passed",
            "speed": "fast",
            "pass": true,
            "fail": false,
            "pending": false,
            "code": "expect(csum(\"1+pow(2,2,2)\")).to.be.an.instanceof(Error);",
            "err": {},
            "isRoot": false,
            "uuid": "34380079-640d-479a-910a-038996a1f436",
            "parentUUID": "1bee2223-d3e5-4662-8dd6-9e63ac0f39bd",
            "isHook": false,
            "skipped": false
          }
        ],
        "failures": [],
        "skipped": [],
        "hasBeforeHooks": false,
        "hasAfterHooks": false,
        "hasTests": true,
        "hasSuites": false,
        "totalTests": 5,
        "totalPasses": 5,
        "totalFailures": 0,
        "totalPending": 0,
        "totalSkipped": 0,
        "hasPasses": true,
        "hasFailures": false,
        "hasPending": false,
        "hasSkipped": false,
        "duration": 2,
        "rootEmpty": false
      }
    ],
    "tests": [],
    "pending": [],
    "root": true,
    "_timeout": 2000,
    "uuid": "63d42033-4f1c-48f9-87a8-57f76f92202b",
    "beforeHooks": [],
    "afterHooks": [],
    "fullFile": "",
    "file": "",
    "passes": [],
    "failures": [],
    "skipped": [],
    "hasBeforeHooks": false,
    "hasAfterHooks": false,
    "hasTests": false,
    "hasSuites": true,
    "totalTests": 0,
    "totalPasses": 0,
    "totalFailures": 0,
    "totalPending": 0,
    "totalSkipped": 0,
    "hasPasses": false,
    "hasFailures": false,
    "hasPending": false,
    "hasSkipped": false,
    "duration": 0,
    "rootEmpty": true
  },
  "allTests": [
    {
      "title": "1 + 1 = 2",
      "fullTitle": "基本运算检测 1 + 1 = 2",
      "timedOut": false,
      "duration": 2,
      "state": "passed",
      "speed": "fast",
      "pass": true,
      "fail": false,
      "pending": false,
      "code": "expect(csum(\"1+1\")).to.be.equal(2);",
      "err": {},
      "isRoot": false,
      "uuid": "91c31013-1f97-4c7c-952f-27a6839dad0c",
      "parentUUID": "57737cef-7810-4d56-a1bf-85e4048f827f",
      "isHook": false,
      "skipped": false
    },
    {
      "title": "1 - 1 = 0",
      "fullTitle": "基本运算检测 1 - 1 = 0",
      "timedOut": false,
      "duration": 0,
      "state": "passed",
      "speed": "fast",
      "pass": true,
      "fail": false,
      "pending": false,
      "code": "expect(csum(\"1-1\")).to.be.equal(0);",
      "err": {},
      "isRoot": false,
      "uuid": "d5fc357e-9d35-473b-a5e3-2c350a37eb78",
      "parentUUID": "57737cef-7810-4d56-a1bf-85e4048f827f",
      "isHook": false,
      "skipped": false
    },
    {
      "title": "1 * 2 = 2",
      "fullTitle": "基本运算检测 1 * 2 = 2",
      "timedOut": false,
      "duration": 1,
      "state": "passed",
      "speed": "fast",
      "pass": true,
      "fail": false,
      "pending": false,
      "code": "expect(csum(\"1*2\")).to.be.equal(2);",
      "err": {},
      "isRoot": false,
      "uuid": "5f3ad577-3707-49cd-ab0b-aa3e3542197b",
      "parentUUID": "57737cef-7810-4d56-a1bf-85e4048f827f",
      "isHook": false,
      "skipped": false
    },
    {
      "title": "2 / 2 = 1",
      "fullTitle": "基本运算检测 2 / 2 = 1",
      "timedOut": false,
      "duration": 1,
      "state": "passed",
      "speed": "fast",
      "pass": true,
      "fail": false,
      "pending": false,
      "code": "expect(csum(\"2/2\")).to.be.equal(1);",
      "err": {},
      "isRoot": false,
      "uuid": "4eeb5c4f-1570-4ea2-a805-f2987a985645",
      "parentUUID": "57737cef-7810-4d56-a1bf-85e4048f827f",
      "isHook": false,
      "skipped": false
    },
    {
      "title": "3 % 2 = 1",
      "fullTitle": "基本运算检测 3 % 2 = 1",
      "timedOut": false,
      "duration": 1,
      "state": "passed",
      "speed": "fast",
      "pass": true,
      "fail": false,
      "pending": false,
      "code": "expect(csum(\"3%2\")).to.be.equal(1);",
      "err": {},
      "isRoot": false,
      "uuid": "601f1bf2-03c3-4612-871f-3951f373841a",
      "parentUUID": "57737cef-7810-4d56-a1bf-85e4048f827f",
      "isHook": false,
      "skipped": false
    },
    {
      "title": "2 ^ 2 =4",
      "fullTitle": "基本运算检测 2 ^ 2 =4",
      "timedOut": false,
      "duration": 1,
      "state": "passed",
      "speed": "fast",
      "pass": true,
      "fail": false,
      "pending": false,
      "code": "expect(csum(\"2^2\")).to.be.equal(4);",
      "err": {},
      "isRoot": false,
      "uuid": "0c231883-20f6-424d-97ff-6fee85b1159a",
      "parentUUID": "57737cef-7810-4d56-a1bf-85e4048f827f",
      "isHook": false,
      "skipped": false
    },
    {
      "title": "1+(1+1)*3^2",
      "fullTitle": "基本运算检测 1+(1+1)*3^2",
      "timedOut": false,
      "duration": 1,
      "state": "passed",
      "speed": "fast",
      "pass": true,
      "fail": false,
      "pending": false,
      "code": "expect(csum(\"1+(1+1)*3^2\")).to.be.equal(19);",
      "err": {},
      "isRoot": false,
      "uuid": "9c15048a-d7b3-4b5a-87b3-2cf42388e771",
      "parentUUID": "57737cef-7810-4d56-a1bf-85e4048f827f",
      "isHook": false,
      "skipped": false
    },
    {
      "title": "2^2^2",
      "fullTitle": "基本运算检测 2^2^2",
      "timedOut": false,
      "duration": 0,
      "state": "passed",
      "speed": "fast",
      "pass": true,
      "fail": false,
      "pending": false,
      "code": "expect(csum(\"2^2^2\")).to.be.equal(16);",
      "err": {},
      "isRoot": false,
      "uuid": "bf62c5ea-24d8-4854-863b-aeaf4927dd48",
      "parentUUID": "57737cef-7810-4d56-a1bf-85e4048f827f",
      "isHook": false,
      "skipped": false
    },
    {
      "title": "(-1+1++++1)",
      "fullTitle": "基本运算检测 (-1+1++++1)",
      "timedOut": false,
      "duration": 1,
      "state": "passed",
      "speed": "fast",
      "pass": true,
      "fail": false,
      "pending": false,
      "code": "expect(csum(\"(-1+1++++1)\")).to.be.equal(1);",
      "err": {},
      "isRoot": false,
      "uuid": "9d0a91db-0e55-4ef3-a745-742cd3707f78",
      "parentUUID": "57737cef-7810-4d56-a1bf-85e4048f827f",
      "isHook": false,
      "skipped": false
    },
    {
      "title": "-1 + 2 = 1",
      "fullTitle": "复杂加减检测 -1 + 2 = 1",
      "timedOut": false,
      "duration": 0,
      "state": "passed",
      "speed": "fast",
      "pass": true,
      "fail": false,
      "pending": false,
      "code": "expect(csum(\"-1+2\")).to.be.equal(1);",
      "err": {},
      "isRoot": false,
      "uuid": "e65fd664-2005-401e-a131-b5ba4107e9b2",
      "parentUUID": "73eea274-f8bc-4131-87a5-be3d73b74aa8",
      "isHook": false,
      "skipped": false
    },
    {
      "title": "1 +- 1 = 0",
      "fullTitle": "复杂加减检测 1 +- 1 = 0",
      "timedOut": false,
      "duration": 0,
      "state": "passed",
      "speed": "fast",
      "pass": true,
      "fail": false,
      "pending": false,
      "code": "expect(csum(\"1+-1\")).to.be.equal(0);",
      "err": {},
      "isRoot": false,
      "uuid": "740d57d1-7480-4984-8956-272477bb46f5",
      "parentUUID": "73eea274-f8bc-4131-87a5-be3d73b74aa8",
      "isHook": false,
      "skipped": false
    },
    {
      "title": "2+++-1",
      "fullTitle": "复杂加减检测 2+++-1",
      "timedOut": false,
      "duration": 0,
      "state": "passed",
      "speed": "fast",
      "pass": true,
      "fail": false,
      "pending": false,
      "code": "expect(csum(\"2+++-1\")).to.be.equal(1);",
      "err": {},
      "isRoot": false,
      "uuid": "8b5e99eb-bff2-4da9-8409-88b3866c0bfb",
      "parentUUID": "73eea274-f8bc-4131-87a5-be3d73b74aa8",
      "isHook": false,
      "skipped": false
    },
    {
      "title": "-1 + 1 = 0",
      "fullTitle": "空白符检测 -1 + 1 = 0",
      "timedOut": false,
      "duration": 0,
      "state": "passed",
      "speed": "fast",
      "pass": true,
      "fail": false,
      "pending": false,
      "code": "expect(csum(\" -1 + 1\")).to.be.equal(0);",
      "err": {},
      "isRoot": false,
      "uuid": "6ce5bfe6-59db-4f68-b87e-f17b67a950db",
      "parentUUID": "c13565d0-322f-4fcb-a194-7b08948d2fad",
      "isHook": false,
      "skipped": false
    },
    {
      "title": " -  1 + + 2 = 1",
      "fullTitle": "空白符检测  -  1 + + 2 = 1",
      "timedOut": false,
      "duration": 2,
      "state": "failed",
      "pass": false,
      "fail": true,
      "pending": false,
      "code": "expect(csum(\" -  1 + + 2 \")).to.be.equal(1);",
      "err": {
        "message": "AssertionError: expected [Error: 14:12] to equal 1",
        "estack": "AssertionError: expected [Error: 14:12] to equal 1\n    at Context.<anonymous> (C:/Users/winack/WebstormProjects/calc/test/main.test.js:50:44)"
      },
      "isRoot": false,
      "uuid": "0032c654-45dc-4e3f-9699-8a714e9e1868",
      "parentUUID": "c13565d0-322f-4fcb-a194-7b08948d2fad",
      "isHook": false,
      "skipped": false
    },
    {
      "title": "- 1 * 2",
      "fullTitle": "空白符检测 - 1 * 2",
      "timedOut": false,
      "duration": 0,
      "state": "failed",
      "pass": false,
      "fail": true,
      "pending": false,
      "code": "expect(csum(\"- 1 * 2 \")).to.be.equal(-2);",
      "err": {
        "message": "AssertionError: expected [Error: 14:8] to equal -2",
        "estack": "AssertionError: expected [Error: 14:8] to equal -2\n    at Context.<anonymous> (C:/Users/winack/WebstormProjects/calc/test/main.test.js:53:40)"
      },
      "isRoot": false,
      "uuid": "815f4e03-c152-4c3c-846e-b16dda14d363",
      "parentUUID": "c13565d0-322f-4fcb-a194-7b08948d2fad",
      "isHook": false,
      "skipped": false
    },
    {
      "title": "pi+1",
      "fullTitle": "常量检测 pi+1",
      "timedOut": false,
      "duration": 0,
      "state": "passed",
      "speed": "fast",
      "pass": true,
      "fail": false,
      "pending": false,
      "code": "expect(csum(\"pi+1\")).to.be.equal(Math.PI + 1);",
      "err": {},
      "isRoot": false,
      "uuid": "3c3ef498-1e37-4e45-a164-098b931cd1be",
      "parentUUID": "f433b3ff-2694-4517-b5dc-736de5ccd260",
      "isHook": false,
      "skipped": false
    },
    {
      "title": "sin(30)",
      "fullTitle": "函数检测 sin(30)",
      "timedOut": false,
      "duration": 0,
      "state": "passed",
      "speed": "fast",
      "pass": true,
      "fail": false,
      "pending": false,
      "code": "expect(csum(\"sin(30)\")).to.be.equal(Math.sin(30 * Math.PI / 180));",
      "err": {},
      "isRoot": false,
      "uuid": "a0e478f2-3272-4509-9bf6-9f98ff831b7b",
      "parentUUID": "691d9e92-37eb-483b-a304-b2437c463d3c",
      "isHook": false,
      "skipped": false
    },
    {
      "title": "pow(2,pow(2,2))",
      "fullTitle": "函数检测 pow(2,pow(2,2))",
      "timedOut": false,
      "duration": 0,
      "state": "passed",
      "speed": "fast",
      "pass": true,
      "fail": false,
      "pending": false,
      "code": "expect(csum(\"pow(2,pow(2,2))\")).to.be.equal(16);",
      "err": {},
      "isRoot": false,
      "uuid": "061a524d-06c9-40d5-a38f-ebd06ee64098",
      "parentUUID": "691d9e92-37eb-483b-a304-b2437c463d3c",
      "isHook": false,
      "skipped": false
    },
    {
      "title": "pow(pow(2,2),pow(2,2))",
      "fullTitle": "函数检测 pow(pow(2,2),pow(2,2))",
      "timedOut": false,
      "duration": 0,
      "state": "passed",
      "speed": "fast",
      "pass": true,
      "fail": false,
      "pending": false,
      "code": "expect(csum(\"pow(pow(2,2),pow(2,2))\")).to.be.equal(256);",
      "err": {},
      "isRoot": false,
      "uuid": "8fc6538d-5246-412a-9606-7782f6071729",
      "parentUUID": "691d9e92-37eb-483b-a304-b2437c463d3c",
      "isHook": false,
      "skipped": false
    },
    {
      "title": "-1",
      "fullTitle": "特殊检测 -1",
      "timedOut": false,
      "duration": 0,
      "state": "passed",
      "speed": "fast",
      "pass": true,
      "fail": false,
      "pending": false,
      "code": "expect(csum(\"-1\")).to.be.equal(-1);",
      "err": {},
      "isRoot": false,
      "uuid": "983e1c76-3574-42e3-be33-0b3bc99f9b7a",
      "parentUUID": "f33d91fd-d087-4ba8-a0f1-d263843f4ddb",
      "isHook": false,
      "skipped": false
    },
    {
      "title": "-1+(+1)",
      "fullTitle": "特殊检测 -1+(+1)",
      "timedOut": false,
      "duration": 0,
      "state": "passed",
      "speed": "fast",
      "pass": true,
      "fail": false,
      "pending": false,
      "code": "expect(csum(\"-1+(+1)\")).to.be.equal(0);",
      "err": {},
      "isRoot": false,
      "uuid": "668b3b2f-f59e-4cca-a194-e60d2939052b",
      "parentUUID": "f33d91fd-d087-4ba8-a0f1-d263843f4ddb",
      "isHook": false,
      "skipped": false
    },
    {
      "title": "1+++2-+1",
      "fullTitle": "特殊检测 1+++2-+1",
      "timedOut": false,
      "duration": 0,
      "state": "passed",
      "speed": "fast",
      "pass": true,
      "fail": false,
      "pending": false,
      "code": "expect(csum(\"1+++2-+1\")).to.be.equal(2);",
      "err": {},
      "isRoot": false,
      "uuid": "e9cfb90c-8d60-49cb-bccd-16bb3349233f",
      "parentUUID": "f33d91fd-d087-4ba8-a0f1-d263843f4ddb",
      "isHook": false,
      "skipped": false
    },
    {
      "title": "ssin(30)",
      "fullTitle": "错误检测 ssin(30)",
      "timedOut": false,
      "duration": 1,
      "state": "passed",
      "speed": "fast",
      "pass": true,
      "fail": false,
      "pending": false,
      "code": "expect(csum(\"ssin(30)\")).to.be.an.instanceOf(Error);",
      "err": {},
      "isRoot": false,
      "uuid": "6f91acca-23b8-45a4-9e4d-7fe888e06c7f",
      "parentUUID": "1bee2223-d3e5-4662-8dd6-9e63ac0f39bd",
      "isHook": false,
      "skipped": false
    },
    {
      "title": "3sin(30)",
      "fullTitle": "错误检测 3sin(30)",
      "timedOut": false,
      "duration": 0,
      "state": "passed",
      "speed": "fast",
      "pass": true,
      "fail": false,
      "pending": false,
      "code": "expect(csum(\"3din(30)\")).to.be.an.instanceOf(Error);",
      "err": {},
      "isRoot": false,
      "uuid": "995185d4-b896-4499-9d9d-7600a20df77c",
      "parentUUID": "1bee2223-d3e5-4662-8dd6-9e63ac0f39bd",
      "isHook": false,
      "skipped": false
    },
    {
      "title": "1+2*(1+1))",
      "fullTitle": "错误检测 1+2*(1+1))",
      "timedOut": false,
      "duration": 0,
      "state": "passed",
      "speed": "fast",
      "pass": true,
      "fail": false,
      "pending": false,
      "code": "expect(csum(\"1+2*(1+1))\")).to.be.an.instanceOf(Error);",
      "err": {},
      "isRoot": false,
      "uuid": "301c3e74-deba-48b4-869d-e9d16909d749",
      "parentUUID": "1bee2223-d3e5-4662-8dd6-9e63ac0f39bd",
      "isHook": false,
      "skipped": false
    },
    {
      "title": "1+po w(2,2)",
      "fullTitle": "错误检测 1+po w(2,2)",
      "timedOut": false,
      "duration": 1,
      "state": "passed",
      "speed": "fast",
      "pass": true,
      "fail": false,
      "pending": false,
      "code": "expect(csum(\"1+po w(2,2)\")).to.be.an.instanceof(Error);",
      "err": {},
      "isRoot": false,
      "uuid": "b3b841e4-a39a-46cb-b8a3-7c61dc6c0605",
      "parentUUID": "1bee2223-d3e5-4662-8dd6-9e63ac0f39bd",
      "isHook": false,
      "skipped": false
    },
    {
      "title": "1+pow(2,2,2)",
      "fullTitle": "错误检测 1+pow(2,2,2)",
      "timedOut": false,
      "duration": 0,
      "state": "passed",
      "speed": "fast",
      "pass": true,
      "fail": false,
      "pending": false,
      "code": "expect(csum(\"1+pow(2,2,2)\")).to.be.an.instanceof(Error);",
      "err": {},
      "isRoot": false,
      "uuid": "34380079-640d-479a-910a-038996a1f436",
      "parentUUID": "1bee2223-d3e5-4662-8dd6-9e63ac0f39bd",
      "isHook": false,
      "skipped": false
    }
  ],
  "allPending": [],
  "allPasses": [
    {
      "title": "1 + 1 = 2",
      "fullTitle": "基本运算检测 1 + 1 = 2",
      "timedOut": false,
      "duration": 2,
      "state": "passed",
      "speed": "fast",
      "pass": true,
      "fail": false,
      "pending": false,
      "code": "expect(csum(\"1+1\")).to.be.equal(2);",
      "err": {},
      "isRoot": false,
      "uuid": "91c31013-1f97-4c7c-952f-27a6839dad0c",
      "parentUUID": "57737cef-7810-4d56-a1bf-85e4048f827f",
      "isHook": false,
      "skipped": false
    },
    {
      "title": "1 - 1 = 0",
      "fullTitle": "基本运算检测 1 - 1 = 0",
      "timedOut": false,
      "duration": 0,
      "state": "passed",
      "speed": "fast",
      "pass": true,
      "fail": false,
      "pending": false,
      "code": "expect(csum(\"1-1\")).to.be.equal(0);",
      "err": {},
      "isRoot": false,
      "uuid": "d5fc357e-9d35-473b-a5e3-2c350a37eb78",
      "parentUUID": "57737cef-7810-4d56-a1bf-85e4048f827f",
      "isHook": false,
      "skipped": false
    },
    {
      "title": "1 * 2 = 2",
      "fullTitle": "基本运算检测 1 * 2 = 2",
      "timedOut": false,
      "duration": 1,
      "state": "passed",
      "speed": "fast",
      "pass": true,
      "fail": false,
      "pending": false,
      "code": "expect(csum(\"1*2\")).to.be.equal(2);",
      "err": {},
      "isRoot": false,
      "uuid": "5f3ad577-3707-49cd-ab0b-aa3e3542197b",
      "parentUUID": "57737cef-7810-4d56-a1bf-85e4048f827f",
      "isHook": false,
      "skipped": false
    },
    {
      "title": "2 / 2 = 1",
      "fullTitle": "基本运算检测 2 / 2 = 1",
      "timedOut": false,
      "duration": 1,
      "state": "passed",
      "speed": "fast",
      "pass": true,
      "fail": false,
      "pending": false,
      "code": "expect(csum(\"2/2\")).to.be.equal(1);",
      "err": {},
      "isRoot": false,
      "uuid": "4eeb5c4f-1570-4ea2-a805-f2987a985645",
      "parentUUID": "57737cef-7810-4d56-a1bf-85e4048f827f",
      "isHook": false,
      "skipped": false
    },
    {
      "title": "3 % 2 = 1",
      "fullTitle": "基本运算检测 3 % 2 = 1",
      "timedOut": false,
      "duration": 1,
      "state": "passed",
      "speed": "fast",
      "pass": true,
      "fail": false,
      "pending": false,
      "code": "expect(csum(\"3%2\")).to.be.equal(1);",
      "err": {},
      "isRoot": false,
      "uuid": "601f1bf2-03c3-4612-871f-3951f373841a",
      "parentUUID": "57737cef-7810-4d56-a1bf-85e4048f827f",
      "isHook": false,
      "skipped": false
    },
    {
      "title": "2 ^ 2 =4",
      "fullTitle": "基本运算检测 2 ^ 2 =4",
      "timedOut": false,
      "duration": 1,
      "state": "passed",
      "speed": "fast",
      "pass": true,
      "fail": false,
      "pending": false,
      "code": "expect(csum(\"2^2\")).to.be.equal(4);",
      "err": {},
      "isRoot": false,
      "uuid": "0c231883-20f6-424d-97ff-6fee85b1159a",
      "parentUUID": "57737cef-7810-4d56-a1bf-85e4048f827f",
      "isHook": false,
      "skipped": false
    },
    {
      "title": "1+(1+1)*3^2",
      "fullTitle": "基本运算检测 1+(1+1)*3^2",
      "timedOut": false,
      "duration": 1,
      "state": "passed",
      "speed": "fast",
      "pass": true,
      "fail": false,
      "pending": false,
      "code": "expect(csum(\"1+(1+1)*3^2\")).to.be.equal(19);",
      "err": {},
      "isRoot": false,
      "uuid": "9c15048a-d7b3-4b5a-87b3-2cf42388e771",
      "parentUUID": "57737cef-7810-4d56-a1bf-85e4048f827f",
      "isHook": false,
      "skipped": false
    },
    {
      "title": "2^2^2",
      "fullTitle": "基本运算检测 2^2^2",
      "timedOut": false,
      "duration": 0,
      "state": "passed",
      "speed": "fast",
      "pass": true,
      "fail": false,
      "pending": false,
      "code": "expect(csum(\"2^2^2\")).to.be.equal(16);",
      "err": {},
      "isRoot": false,
      "uuid": "bf62c5ea-24d8-4854-863b-aeaf4927dd48",
      "parentUUID": "57737cef-7810-4d56-a1bf-85e4048f827f",
      "isHook": false,
      "skipped": false
    },
    {
      "title": "(-1+1++++1)",
      "fullTitle": "基本运算检测 (-1+1++++1)",
      "timedOut": false,
      "duration": 1,
      "state": "passed",
      "speed": "fast",
      "pass": true,
      "fail": false,
      "pending": false,
      "code": "expect(csum(\"(-1+1++++1)\")).to.be.equal(1);",
      "err": {},
      "isRoot": false,
      "uuid": "9d0a91db-0e55-4ef3-a745-742cd3707f78",
      "parentUUID": "57737cef-7810-4d56-a1bf-85e4048f827f",
      "isHook": false,
      "skipped": false
    },
    {
      "title": "-1 + 2 = 1",
      "fullTitle": "复杂加减检测 -1 + 2 = 1",
      "timedOut": false,
      "duration": 0,
      "state": "passed",
      "speed": "fast",
      "pass": true,
      "fail": false,
      "pending": false,
      "code": "expect(csum(\"-1+2\")).to.be.equal(1);",
      "err": {},
      "isRoot": false,
      "uuid": "e65fd664-2005-401e-a131-b5ba4107e9b2",
      "parentUUID": "73eea274-f8bc-4131-87a5-be3d73b74aa8",
      "isHook": false,
      "skipped": false
    },
    {
      "title": "1 +- 1 = 0",
      "fullTitle": "复杂加减检测 1 +- 1 = 0",
      "timedOut": false,
      "duration": 0,
      "state": "passed",
      "speed": "fast",
      "pass": true,
      "fail": false,
      "pending": false,
      "code": "expect(csum(\"1+-1\")).to.be.equal(0);",
      "err": {},
      "isRoot": false,
      "uuid": "740d57d1-7480-4984-8956-272477bb46f5",
      "parentUUID": "73eea274-f8bc-4131-87a5-be3d73b74aa8",
      "isHook": false,
      "skipped": false
    },
    {
      "title": "2+++-1",
      "fullTitle": "复杂加减检测 2+++-1",
      "timedOut": false,
      "duration": 0,
      "state": "passed",
      "speed": "fast",
      "pass": true,
      "fail": false,
      "pending": false,
      "code": "expect(csum(\"2+++-1\")).to.be.equal(1);",
      "err": {},
      "isRoot": false,
      "uuid": "8b5e99eb-bff2-4da9-8409-88b3866c0bfb",
      "parentUUID": "73eea274-f8bc-4131-87a5-be3d73b74aa8",
      "isHook": false,
      "skipped": false
    },
    {
      "title": "-1 + 1 = 0",
      "fullTitle": "空白符检测 -1 + 1 = 0",
      "timedOut": false,
      "duration": 0,
      "state": "passed",
      "speed": "fast",
      "pass": true,
      "fail": false,
      "pending": false,
      "code": "expect(csum(\" -1 + 1\")).to.be.equal(0);",
      "err": {},
      "isRoot": false,
      "uuid": "6ce5bfe6-59db-4f68-b87e-f17b67a950db",
      "parentUUID": "c13565d0-322f-4fcb-a194-7b08948d2fad",
      "isHook": false,
      "skipped": false
    },
    {
      "title": "pi+1",
      "fullTitle": "常量检测 pi+1",
      "timedOut": false,
      "duration": 0,
      "state": "passed",
      "speed": "fast",
      "pass": true,
      "fail": false,
      "pending": false,
      "code": "expect(csum(\"pi+1\")).to.be.equal(Math.PI + 1);",
      "err": {},
      "isRoot": false,
      "uuid": "3c3ef498-1e37-4e45-a164-098b931cd1be",
      "parentUUID": "f433b3ff-2694-4517-b5dc-736de5ccd260",
      "isHook": false,
      "skipped": false
    },
    {
      "title": "sin(30)",
      "fullTitle": "函数检测 sin(30)",
      "timedOut": false,
      "duration": 0,
      "state": "passed",
      "speed": "fast",
      "pass": true,
      "fail": false,
      "pending": false,
      "code": "expect(csum(\"sin(30)\")).to.be.equal(Math.sin(30 * Math.PI / 180));",
      "err": {},
      "isRoot": false,
      "uuid": "a0e478f2-3272-4509-9bf6-9f98ff831b7b",
      "parentUUID": "691d9e92-37eb-483b-a304-b2437c463d3c",
      "isHook": false,
      "skipped": false
    },
    {
      "title": "pow(2,pow(2,2))",
      "fullTitle": "函数检测 pow(2,pow(2,2))",
      "timedOut": false,
      "duration": 0,
      "state": "passed",
      "speed": "fast",
      "pass": true,
      "fail": false,
      "pending": false,
      "code": "expect(csum(\"pow(2,pow(2,2))\")).to.be.equal(16);",
      "err": {},
      "isRoot": false,
      "uuid": "061a524d-06c9-40d5-a38f-ebd06ee64098",
      "parentUUID": "691d9e92-37eb-483b-a304-b2437c463d3c",
      "isHook": false,
      "skipped": false
    },
    {
      "title": "pow(pow(2,2),pow(2,2))",
      "fullTitle": "函数检测 pow(pow(2,2),pow(2,2))",
      "timedOut": false,
      "duration": 0,
      "state": "passed",
      "speed": "fast",
      "pass": true,
      "fail": false,
      "pending": false,
      "code": "expect(csum(\"pow(pow(2,2),pow(2,2))\")).to.be.equal(256);",
      "err": {},
      "isRoot": false,
      "uuid": "8fc6538d-5246-412a-9606-7782f6071729",
      "parentUUID": "691d9e92-37eb-483b-a304-b2437c463d3c",
      "isHook": false,
      "skipped": false
    },
    {
      "title": "-1",
      "fullTitle": "特殊检测 -1",
      "timedOut": false,
      "duration": 0,
      "state": "passed",
      "speed": "fast",
      "pass": true,
      "fail": false,
      "pending": false,
      "code": "expect(csum(\"-1\")).to.be.equal(-1);",
      "err": {},
      "isRoot": false,
      "uuid": "983e1c76-3574-42e3-be33-0b3bc99f9b7a",
      "parentUUID": "f33d91fd-d087-4ba8-a0f1-d263843f4ddb",
      "isHook": false,
      "skipped": false
    },
    {
      "title": "-1+(+1)",
      "fullTitle": "特殊检测 -1+(+1)",
      "timedOut": false,
      "duration": 0,
      "state": "passed",
      "speed": "fast",
      "pass": true,
      "fail": false,
      "pending": false,
      "code": "expect(csum(\"-1+(+1)\")).to.be.equal(0);",
      "err": {},
      "isRoot": false,
      "uuid": "668b3b2f-f59e-4cca-a194-e60d2939052b",
      "parentUUID": "f33d91fd-d087-4ba8-a0f1-d263843f4ddb",
      "isHook": false,
      "skipped": false
    },
    {
      "title": "1+++2-+1",
      "fullTitle": "特殊检测 1+++2-+1",
      "timedOut": false,
      "duration": 0,
      "state": "passed",
      "speed": "fast",
      "pass": true,
      "fail": false,
      "pending": false,
      "code": "expect(csum(\"1+++2-+1\")).to.be.equal(2);",
      "err": {},
      "isRoot": false,
      "uuid": "e9cfb90c-8d60-49cb-bccd-16bb3349233f",
      "parentUUID": "f33d91fd-d087-4ba8-a0f1-d263843f4ddb",
      "isHook": false,
      "skipped": false
    },
    {
      "title": "ssin(30)",
      "fullTitle": "错误检测 ssin(30)",
      "timedOut": false,
      "duration": 1,
      "state": "passed",
      "speed": "fast",
      "pass": true,
      "fail": false,
      "pending": false,
      "code": "expect(csum(\"ssin(30)\")).to.be.an.instanceOf(Error);",
      "err": {},
      "isRoot": false,
      "uuid": "6f91acca-23b8-45a4-9e4d-7fe888e06c7f",
      "parentUUID": "1bee2223-d3e5-4662-8dd6-9e63ac0f39bd",
      "isHook": false,
      "skipped": false
    },
    {
      "title": "3sin(30)",
      "fullTitle": "错误检测 3sin(30)",
      "timedOut": false,
      "duration": 0,
      "state": "passed",
      "speed": "fast",
      "pass": true,
      "fail": false,
      "pending": false,
      "code": "expect(csum(\"3din(30)\")).to.be.an.instanceOf(Error);",
      "err": {},
      "isRoot": false,
      "uuid": "995185d4-b896-4499-9d9d-7600a20df77c",
      "parentUUID": "1bee2223-d3e5-4662-8dd6-9e63ac0f39bd",
      "isHook": false,
      "skipped": false
    },
    {
      "title": "1+2*(1+1))",
      "fullTitle": "错误检测 1+2*(1+1))",
      "timedOut": false,
      "duration": 0,
      "state": "passed",
      "speed": "fast",
      "pass": true,
      "fail": false,
      "pending": false,
      "code": "expect(csum(\"1+2*(1+1))\")).to.be.an.instanceOf(Error);",
      "err": {},
      "isRoot": false,
      "uuid": "301c3e74-deba-48b4-869d-e9d16909d749",
      "parentUUID": "1bee2223-d3e5-4662-8dd6-9e63ac0f39bd",
      "isHook": false,
      "skipped": false
    },
    {
      "title": "1+po w(2,2)",
      "fullTitle": "错误检测 1+po w(2,2)",
      "timedOut": false,
      "duration": 1,
      "state": "passed",
      "speed": "fast",
      "pass": true,
      "fail": false,
      "pending": false,
      "code": "expect(csum(\"1+po w(2,2)\")).to.be.an.instanceof(Error);",
      "err": {},
      "isRoot": false,
      "uuid": "b3b841e4-a39a-46cb-b8a3-7c61dc6c0605",
      "parentUUID": "1bee2223-d3e5-4662-8dd6-9e63ac0f39bd",
      "isHook": false,
      "skipped": false
    },
    {
      "title": "1+pow(2,2,2)",
      "fullTitle": "错误检测 1+pow(2,2,2)",
      "timedOut": false,
      "duration": 0,
      "state": "passed",
      "speed": "fast",
      "pass": true,
      "fail": false,
      "pending": false,
      "code": "expect(csum(\"1+pow(2,2,2)\")).to.be.an.instanceof(Error);",
      "err": {},
      "isRoot": false,
      "uuid": "34380079-640d-479a-910a-038996a1f436",
      "parentUUID": "1bee2223-d3e5-4662-8dd6-9e63ac0f39bd",
      "isHook": false,
      "skipped": false
    }
  ],
  "allFailures": [
    {
      "title": " -  1 + + 2 = 1",
      "fullTitle": "空白符检测  -  1 + + 2 = 1",
      "timedOut": false,
      "duration": 2,
      "state": "failed",
      "pass": false,
      "fail": true,
      "pending": false,
      "code": "expect(csum(\" -  1 + + 2 \")).to.be.equal(1);",
      "err": {
        "message": "AssertionError: expected [Error: 14:12] to equal 1",
        "estack": "AssertionError: expected [Error: 14:12] to equal 1\n    at Context.<anonymous> (C:/Users/winack/WebstormProjects/calc/test/main.test.js:50:44)"
      },
      "isRoot": false,
      "uuid": "0032c654-45dc-4e3f-9699-8a714e9e1868",
      "parentUUID": "c13565d0-322f-4fcb-a194-7b08948d2fad",
      "isHook": false,
      "skipped": false
    },
    {
      "title": "- 1 * 2",
      "fullTitle": "空白符检测 - 1 * 2",
      "timedOut": false,
      "duration": 0,
      "state": "failed",
      "pass": false,
      "fail": true,
      "pending": false,
      "code": "expect(csum(\"- 1 * 2 \")).to.be.equal(-2);",
      "err": {
        "message": "AssertionError: expected [Error: 14:8] to equal -2",
        "estack": "AssertionError: expected [Error: 14:8] to equal -2\n    at Context.<anonymous> (C:/Users/winack/WebstormProjects/calc/test/main.test.js:53:40)"
      },
      "isRoot": false,
      "uuid": "815f4e03-c152-4c3c-846e-b16dda14d363",
      "parentUUID": "c13565d0-322f-4fcb-a194-7b08948d2fad",
      "isHook": false,
      "skipped": false
    }
  ],
  "copyrightYear": 2018
}