{
  "stats": {
    "suites": 7,
    "tests": 26,
    "passes": 24,
    "pending": 0,
    "failures": 2,
    "start": "2017-11-29T02:18:57.333Z",
    "end": "2017-11-29T02:18:57.426Z",
    "duration": 93,
    "testsRegistered": 26,
    "passPercent": 92.3,
    "pendingPercent": 0,
    "other": 0,
    "hasOther": false,
    "skipped": 0,
    "hasSkipped": false,
    "passPercentClass": "success",
    "pendingPercentClass": "danger"
  },
  "suites": {
    "title": "",
    "suites": [
      {
        "title": "基本运算检测",
        "suites": [],
        "tests": [
          {
            "title": "1 + 1 = 2",
            "fullTitle": "基本运算检测 1 + 1 = 2",
            "timedOut": false,
            "duration": 0,
            "state": "passed",
            "speed": "fast",
            "pass": true,
            "fail": false,
            "pending": false,
            "code": "expect(csum(\"1+1\")).to.be.equal(2);",
            "err": {},
            "isRoot": false,
            "uuid": "48504b8b-7fb0-4ec3-a129-30a5eaa26b87",
            "parentUUID": "525ea2dc-02cc-4947-a77e-aabee5dfd74e",
            "isHook": false,
            "skipped": false
          },
          {
            "title": "1 - 1 = 0",
            "fullTitle": "基本运算检测 1 - 1 = 0",
            "timedOut": false,
            "duration": 0,
            "state": "passed",
            "speed": "fast",
            "pass": true,
            "fail": false,
            "pending": false,
            "code": "expect(csum(\"1-1\")).to.be.equal(0);",
            "err": {},
            "isRoot": false,
            "uuid": "74a98681-f7b1-4009-a190-66b3d0058c2d",
            "parentUUID": "525ea2dc-02cc-4947-a77e-aabee5dfd74e",
            "isHook": false,
            "skipped": false
          },
          {
            "title": "1 * 2 = 2",
            "fullTitle": "基本运算检测 1 * 2 = 2",
            "timedOut": false,
            "duration": 0,
            "state": "passed",
            "speed": "fast",
            "pass": true,
            "fail": false,
            "pending": false,
            "code": "expect(csum(\"1*2\")).to.be.equal(2);",
            "err": {},
            "isRoot": false,
            "uuid": "0176f005-7737-4f19-8ad9-aaf5deca7a42",
            "parentUUID": "525ea2dc-02cc-4947-a77e-aabee5dfd74e",
            "isHook": false,
            "skipped": false
          },
          {
            "title": "2 / 2 = 1",
            "fullTitle": "基本运算检测 2 / 2 = 1",
            "timedOut": false,
            "duration": 0,
            "state": "passed",
            "speed": "fast",
            "pass": true,
            "fail": false,
            "pending": false,
            "code": "expect(csum(\"2/2\")).to.be.equal(1);",
            "err": {},
            "isRoot": false,
            "uuid": "195e4010-ce38-4bbb-a4a0-d3ba9e275f24",
            "parentUUID": "525ea2dc-02cc-4947-a77e-aabee5dfd74e",
            "isHook": false,
            "skipped": false
          },
          {
            "title": "3 % 2 = 1",
            "fullTitle": "基本运算检测 3 % 2 = 1",
            "timedOut": false,
            "duration": 0,
            "state": "passed",
            "speed": "fast",
            "pass": true,
            "fail": false,
            "pending": false,
            "code": "expect(csum(\"3%2\")).to.be.equal(1);",
            "err": {},
            "isRoot": false,
            "uuid": "d46268ca-553b-4d36-a144-d1539c755f57",
            "parentUUID": "525ea2dc-02cc-4947-a77e-aabee5dfd74e",
            "isHook": false,
            "skipped": false
          },
          {
            "title": "2 ^ 2 =4",
            "fullTitle": "基本运算检测 2 ^ 2 =4",
            "timedOut": false,
            "duration": 0,
            "state": "passed",
            "speed": "fast",
            "pass": true,
            "fail": false,
            "pending": false,
            "code": "expect(csum(\"2^2\")).to.be.equal(4);",
            "err": {},
            "isRoot": false,
            "uuid": "9cf05092-f64b-452f-9828-a5b5e24e68f9",
            "parentUUID": "525ea2dc-02cc-4947-a77e-aabee5dfd74e",
            "isHook": false,
            "skipped": false
          },
          {
            "title": "1+(1+1)*3^2",
            "fullTitle": "基本运算检测 1+(1+1)*3^2",
            "timedOut": false,
            "duration": 0,
            "state": "passed",
            "speed": "fast",
            "pass": true,
            "fail": false,
            "pending": false,
            "code": "expect(csum(\"1+(1+1)*3^2\")).to.be.equal(19);",
            "err": {},
            "isRoot": false,
            "uuid": "18a18031-75f9-49da-a5f7-f8944df6bc3f",
            "parentUUID": "525ea2dc-02cc-4947-a77e-aabee5dfd74e",
            "isHook": false,
            "skipped": false
          },
          {
            "title": "2^2^2",
            "fullTitle": "基本运算检测 2^2^2",
            "timedOut": false,
            "duration": 0,
            "state": "passed",
            "speed": "fast",
            "pass": true,
            "fail": false,
            "pending": false,
            "code": "expect(csum(\"2^2^2\")).to.be.equal(16);",
            "err": {},
            "isRoot": false,
            "uuid": "c80f73f0-265d-49a5-a130-c9d3708b83f1",
            "parentUUID": "525ea2dc-02cc-4947-a77e-aabee5dfd74e",
            "isHook": false,
            "skipped": false
          }
        ],
        "pending": [],
        "root": false,
        "_timeout": 2000,
        "file": "\\test\\main.test.js",
        "uuid": "525ea2dc-02cc-4947-a77e-aabee5dfd74e",
        "beforeHooks": [],
        "afterHooks": [],
        "fullFile": "C:\\Users\\winack\\WebstormProjects\\calc\\test\\main.test.js",
        "passes": [
          {
            "title": "1 + 1 = 2",
            "fullTitle": "基本运算检测 1 + 1 = 2",
            "timedOut": false,
            "duration": 0,
            "state": "passed",
            "speed": "fast",
            "pass": true,
            "fail": false,
            "pending": false,
            "code": "expect(csum(\"1+1\")).to.be.equal(2);",
            "err": {},
            "isRoot": false,
            "uuid": "48504b8b-7fb0-4ec3-a129-30a5eaa26b87",
            "parentUUID": "525ea2dc-02cc-4947-a77e-aabee5dfd74e",
            "isHook": false,
            "skipped": false
          },
          {
            "title": "1 - 1 = 0",
            "fullTitle": "基本运算检测 1 - 1 = 0",
            "timedOut": false,
            "duration": 0,
            "state": "passed",
            "speed": "fast",
            "pass": true,
            "fail": false,
            "pending": false,
            "code": "expect(csum(\"1-1\")).to.be.equal(0);",
            "err": {},
            "isRoot": false,
            "uuid": "74a98681-f7b1-4009-a190-66b3d0058c2d",
            "parentUUID": "525ea2dc-02cc-4947-a77e-aabee5dfd74e",
            "isHook": false,
            "skipped": false
          },
          {
            "title": "1 * 2 = 2",
            "fullTitle": "基本运算检测 1 * 2 = 2",
            "timedOut": false,
            "duration": 0,
            "state": "passed",
            "speed": "fast",
            "pass": true,
            "fail": false,
            "pending": false,
            "code": "expect(csum(\"1*2\")).to.be.equal(2);",
            "err": {},
            "isRoot": false,
            "uuid": "0176f005-7737-4f19-8ad9-aaf5deca7a42",
            "parentUUID": "525ea2dc-02cc-4947-a77e-aabee5dfd74e",
            "isHook": false,
            "skipped": false
          },
          {
            "title": "2 / 2 = 1",
            "fullTitle": "基本运算检测 2 / 2 = 1",
            "timedOut": false,
            "duration": 0,
            "state": "passed",
            "speed": "fast",
            "pass": true,
            "fail": false,
            "pending": false,
            "code": "expect(csum(\"2/2\")).to.be.equal(1);",
            "err": {},
            "isRoot": false,
            "uuid": "195e4010-ce38-4bbb-a4a0-d3ba9e275f24",
            "parentUUID": "525ea2dc-02cc-4947-a77e-aabee5dfd74e",
            "isHook": false,
            "skipped": false
          },
          {
            "title": "3 % 2 = 1",
            "fullTitle": "基本运算检测 3 % 2 = 1",
            "timedOut": false,
            "duration": 0,
            "state": "passed",
            "speed": "fast",
            "pass": true,
            "fail": false,
            "pending": false,
            "code": "expect(csum(\"3%2\")).to.be.equal(1);",
            "err": {},
            "isRoot": false,
            "uuid": "d46268ca-553b-4d36-a144-d1539c755f57",
            "parentUUID": "525ea2dc-02cc-4947-a77e-aabee5dfd74e",
            "isHook": false,
            "skipped": false
          },
          {
            "title": "2 ^ 2 =4",
            "fullTitle": "基本运算检测 2 ^ 2 =4",
            "timedOut": false,
            "duration": 0,
            "state": "passed",
            "speed": "fast",
            "pass": true,
            "fail": false,
            "pending": false,
            "code": "expect(csum(\"2^2\")).to.be.equal(4);",
            "err": {},
            "isRoot": false,
            "uuid": "9cf05092-f64b-452f-9828-a5b5e24e68f9",
            "parentUUID": "525ea2dc-02cc-4947-a77e-aabee5dfd74e",
            "isHook": false,
            "skipped": false
          },
          {
            "title": "1+(1+1)*3^2",
            "fullTitle": "基本运算检测 1+(1+1)*3^2",
            "timedOut": false,
            "duration": 0,
            "state": "passed",
            "speed": "fast",
            "pass": true,
            "fail": false,
            "pending": false,
            "code": "expect(csum(\"1+(1+1)*3^2\")).to.be.equal(19);",
            "err": {},
            "isRoot": false,
            "uuid": "18a18031-75f9-49da-a5f7-f8944df6bc3f",
            "parentUUID": "525ea2dc-02cc-4947-a77e-aabee5dfd74e",
            "isHook": false,
            "skipped": false
          },
          {
            "title": "2^2^2",
            "fullTitle": "基本运算检测 2^2^2",
            "timedOut": false,
            "duration": 0,
            "state": "passed",
            "speed": "fast",
            "pass": true,
            "fail": false,
            "pending": false,
            "code": "expect(csum(\"2^2^2\")).to.be.equal(16);",
            "err": {},
            "isRoot": false,
            "uuid": "c80f73f0-265d-49a5-a130-c9d3708b83f1",
            "parentUUID": "525ea2dc-02cc-4947-a77e-aabee5dfd74e",
            "isHook": false,
            "skipped": false
          }
        ],
        "failures": [],
        "skipped": [],
        "hasBeforeHooks": false,
        "hasAfterHooks": false,
        "hasTests": true,
        "hasSuites": false,
        "totalTests": 8,
        "totalPasses": 8,
        "totalFailures": 0,
        "totalPending": 0,
        "totalSkipped": 0,
        "hasPasses": true,
        "hasFailures": false,
        "hasPending": false,
        "hasSkipped": false,
        "duration": 0,
        "rootEmpty": false
      },
      {
        "title": "复杂加减检测",
        "suites": [],
        "tests": [
          {
            "title": "-1 + 2 = 1",
            "fullTitle": "复杂加减检测 -1 + 2 = 1",
            "timedOut": false,
            "duration": 0,
            "state": "passed",
            "speed": "fast",
            "pass": true,
            "fail": false,
            "pending": false,
            "code": "expect(csum(\"-1+2\")).to.be.equal(1);",
            "err": {},
            "isRoot": false,
            "uuid": "4445c99d-b1ea-4d43-889e-3040520e58eb",
            "parentUUID": "8dea04f7-08e6-4579-aee6-2537a58a7333",
            "isHook": false,
            "skipped": false
          },
          {
            "title": "1 +- 1 = 0",
            "fullTitle": "复杂加减检测 1 +- 1 = 0",
            "timedOut": false,
            "duration": 0,
            "state": "passed",
            "speed": "fast",
            "pass": true,
            "fail": false,
            "pending": false,
            "code": "expect(csum(\"1+-1\")).to.be.equal(0);",
            "err": {},
            "isRoot": false,
            "uuid": "2ba975b6-8197-436a-93ba-70e664ef4c4a",
            "parentUUID": "8dea04f7-08e6-4579-aee6-2537a58a7333",
            "isHook": false,
            "skipped": false
          },
          {
            "title": "2+++-1",
            "fullTitle": "复杂加减检测 2+++-1",
            "timedOut": false,
            "duration": 0,
            "state": "passed",
            "speed": "fast",
            "pass": true,
            "fail": false,
            "pending": false,
            "code": "expect(csum(\"2+++-1\")).to.be.equal(1);",
            "err": {},
            "isRoot": false,
            "uuid": "85e11177-5955-4a26-8aa8-b9b05c7aee02",
            "parentUUID": "8dea04f7-08e6-4579-aee6-2537a58a7333",
            "isHook": false,
            "skipped": false
          }
        ],
        "pending": [],
        "root": false,
        "_timeout": 2000,
        "file": "\\test\\main.test.js",
        "uuid": "8dea04f7-08e6-4579-aee6-2537a58a7333",
        "beforeHooks": [],
        "afterHooks": [],
        "fullFile": "C:\\Users\\winack\\WebstormProjects\\calc\\test\\main.test.js",
        "passes": [
          {
            "title": "-1 + 2 = 1",
            "fullTitle": "复杂加减检测 -1 + 2 = 1",
            "timedOut": false,
            "duration": 0,
            "state": "passed",
            "speed": "fast",
            "pass": true,
            "fail": false,
            "pending": false,
            "code": "expect(csum(\"-1+2\")).to.be.equal(1);",
            "err": {},
            "isRoot": false,
            "uuid": "4445c99d-b1ea-4d43-889e-3040520e58eb",
            "parentUUID": "8dea04f7-08e6-4579-aee6-2537a58a7333",
            "isHook": false,
            "skipped": false
          },
          {
            "title": "1 +- 1 = 0",
            "fullTitle": "复杂加减检测 1 +- 1 = 0",
            "timedOut": false,
            "duration": 0,
            "state": "passed",
            "speed": "fast",
            "pass": true,
            "fail": false,
            "pending": false,
            "code": "expect(csum(\"1+-1\")).to.be.equal(0);",
            "err": {},
            "isRoot": false,
            "uuid": "2ba975b6-8197-436a-93ba-70e664ef4c4a",
            "parentUUID": "8dea04f7-08e6-4579-aee6-2537a58a7333",
            "isHook": false,
            "skipped": false
          },
          {
            "title": "2+++-1",
            "fullTitle": "复杂加减检测 2+++-1",
            "timedOut": false,
            "duration": 0,
            "state": "passed",
            "speed": "fast",
            "pass": true,
            "fail": false,
            "pending": false,
            "code": "expect(csum(\"2+++-1\")).to.be.equal(1);",
            "err": {},
            "isRoot": false,
            "uuid": "85e11177-5955-4a26-8aa8-b9b05c7aee02",
            "parentUUID": "8dea04f7-08e6-4579-aee6-2537a58a7333",
            "isHook": false,
            "skipped": false
          }
        ],
        "failures": [],
        "skipped": [],
        "hasBeforeHooks": false,
        "hasAfterHooks": false,
        "hasTests": true,
        "hasSuites": false,
        "totalTests": 3,
        "totalPasses": 3,
        "totalFailures": 0,
        "totalPending": 0,
        "totalSkipped": 0,
        "hasPasses": true,
        "hasFailures": false,
        "hasPending": false,
        "hasSkipped": false,
        "duration": 0,
        "rootEmpty": false
      },
      {
        "title": "空白符检测",
        "suites": [],
        "tests": [
          {
            "title": "-1 + 1 = 0",
            "fullTitle": "空白符检测 -1 + 1 = 0",
            "timedOut": false,
            "duration": 0,
            "state": "passed",
            "speed": "fast",
            "pass": true,
            "fail": false,
            "pending": false,
            "code": "expect(csum(\" -1 + 1\")).to.be.equal(0);",
            "err": {},
            "isRoot": false,
            "uuid": "0bef593e-bff1-4eb4-88ae-424158f4aa6d",
            "parentUUID": "3675ce9e-7d50-4cd2-b8c0-715c0cd221d7",
            "isHook": false,
            "skipped": false
          },
          {
            "title": " -  1 + + 2 = 1",
            "fullTitle": "空白符检测  -  1 + + 2 = 1",
            "timedOut": false,
            "duration": 0,
            "state": "failed",
            "pass": false,
            "fail": true,
            "pending": false,
            "code": "expect(csum(\" -  1 + + 2 \")).to.be.equal(1);",
            "err": {
              "message": "AssertionError: expected [Error: 14:12] to equal 1",
              "estack": "AssertionError: expected [Error: 14:12] to equal 1\n    at Context.<anonymous> (C:/Users/winack/WebstormProjects/calc/test/main.test.js:47:44)"
            },
            "isRoot": false,
            "uuid": "c5ee4ed8-8f03-4adb-8c70-19ad7e0dc81d",
            "parentUUID": "3675ce9e-7d50-4cd2-b8c0-715c0cd221d7",
            "isHook": false,
            "skipped": false
          },
          {
            "title": "- 1 * 2",
            "fullTitle": "空白符检测 - 1 * 2",
            "timedOut": false,
            "duration": 0,
            "state": "failed",
            "pass": false,
            "fail": true,
            "pending": false,
            "code": "expect(csum(\"- 1 * 2 \")).to.be.equal(-2);",
            "err": {
              "message": "AssertionError: expected [Error: 14:8] to equal -2",
              "estack": "AssertionError: expected [Error: 14:8] to equal -2\n    at Context.<anonymous> (C:/Users/winack/WebstormProjects/calc/test/main.test.js:50:40)"
            },
            "isRoot": false,
            "uuid": "0eca8d24-d1c6-46af-8f0f-093623f75316",
            "parentUUID": "3675ce9e-7d50-4cd2-b8c0-715c0cd221d7",
            "isHook": false,
            "skipped": false
          }
        ],
        "pending": [],
        "root": false,
        "_timeout": 2000,
        "file": "\\test\\main.test.js",
        "uuid": "3675ce9e-7d50-4cd2-b8c0-715c0cd221d7",
        "beforeHooks": [],
        "afterHooks": [],
        "fullFile": "C:\\Users\\winack\\WebstormProjects\\calc\\test\\main.test.js",
        "passes": [
          {
            "title": "-1 + 1 = 0",
            "fullTitle": "空白符检测 -1 + 1 = 0",
            "timedOut": false,
            "duration": 0,
            "state": "passed",
            "speed": "fast",
            "pass": true,
            "fail": false,
            "pending": false,
            "code": "expect(csum(\" -1 + 1\")).to.be.equal(0);",
            "err": {},
            "isRoot": false,
            "uuid": "0bef593e-bff1-4eb4-88ae-424158f4aa6d",
            "parentUUID": "3675ce9e-7d50-4cd2-b8c0-715c0cd221d7",
            "isHook": false,
            "skipped": false
          }
        ],
        "failures": [
          {
            "title": " -  1 + + 2 = 1",
            "fullTitle": "空白符检测  -  1 + + 2 = 1",
            "timedOut": false,
            "duration": 0,
            "state": "failed",
            "pass": false,
            "fail": true,
            "pending": false,
            "code": "expect(csum(\" -  1 + + 2 \")).to.be.equal(1);",
            "err": {
              "message": "AssertionError: expected [Error: 14:12] to equal 1",
              "estack": "AssertionError: expected [Error: 14:12] to equal 1\n    at Context.<anonymous> (C:/Users/winack/WebstormProjects/calc/test/main.test.js:47:44)"
            },
            "isRoot": false,
            "uuid": "c5ee4ed8-8f03-4adb-8c70-19ad7e0dc81d",
            "parentUUID": "3675ce9e-7d50-4cd2-b8c0-715c0cd221d7",
            "isHook": false,
            "skipped": false
          },
          {
            "title": "- 1 * 2",
            "fullTitle": "空白符检测 - 1 * 2",
            "timedOut": false,
            "duration": 0,
            "state": "failed",
            "pass": false,
            "fail": true,
            "pending": false,
            "code": "expect(csum(\"- 1 * 2 \")).to.be.equal(-2);",
            "err": {
              "message": "AssertionError: expected [Error: 14:8] to equal -2",
              "estack": "AssertionError: expected [Error: 14:8] to equal -2\n    at Context.<anonymous> (C:/Users/winack/WebstormProjects/calc/test/main.test.js:50:40)"
            },
            "isRoot": false,
            "uuid": "0eca8d24-d1c6-46af-8f0f-093623f75316",
            "parentUUID": "3675ce9e-7d50-4cd2-b8c0-715c0cd221d7",
            "isHook": false,
            "skipped": false
          }
        ],
        "skipped": [],
        "hasBeforeHooks": false,
        "hasAfterHooks": false,
        "hasTests": true,
        "hasSuites": false,
        "totalTests": 3,
        "totalPasses": 1,
        "totalFailures": 2,
        "totalPending": 0,
        "totalSkipped": 0,
        "hasPasses": true,
        "hasFailures": true,
        "hasPending": false,
        "hasSkipped": false,
        "duration": 0,
        "rootEmpty": false
      },
      {
        "title": "常量检测",
        "suites": [],
        "tests": [
          {
            "title": "pi+1",
            "fullTitle": "常量检测 pi+1",
            "timedOut": false,
            "duration": 0,
            "state": "passed",
            "speed": "fast",
            "pass": true,
            "fail": false,
            "pending": false,
            "code": "expect(csum(\"pi+1\")).to.be.equal(Math.PI + 1);",
            "err": {},
            "isRoot": false,
            "uuid": "aab6c8c7-b7d4-49cd-ad1c-7d8a8b4a0dd6",
            "parentUUID": "cf47fd8d-7566-486e-8d5a-53018a072cfa",
            "isHook": false,
            "skipped": false
          }
        ],
        "pending": [],
        "root": false,
        "_timeout": 2000,
        "file": "\\test\\main.test.js",
        "uuid": "cf47fd8d-7566-486e-8d5a-53018a072cfa",
        "beforeHooks": [],
        "afterHooks": [],
        "fullFile": "C:\\Users\\winack\\WebstormProjects\\calc\\test\\main.test.js",
        "passes": [
          {
            "title": "pi+1",
            "fullTitle": "常量检测 pi+1",
            "timedOut": false,
            "duration": 0,
            "state": "passed",
            "speed": "fast",
            "pass": true,
            "fail": false,
            "pending": false,
            "code": "expect(csum(\"pi+1\")).to.be.equal(Math.PI + 1);",
            "err": {},
            "isRoot": false,
            "uuid": "aab6c8c7-b7d4-49cd-ad1c-7d8a8b4a0dd6",
            "parentUUID": "cf47fd8d-7566-486e-8d5a-53018a072cfa",
            "isHook": false,
            "skipped": false
          }
        ],
        "failures": [],
        "skipped": [],
        "hasBeforeHooks": false,
        "hasAfterHooks": false,
        "hasTests": true,
        "hasSuites": false,
        "totalTests": 1,
        "totalPasses": 1,
        "totalFailures": 0,
        "totalPending": 0,
        "totalSkipped": 0,
        "hasPasses": true,
        "hasFailures": false,
        "hasPending": false,
        "hasSkipped": false,
        "duration": 0,
        "rootEmpty": false
      },
      {
        "title": "函数检测",
        "suites": [],
        "tests": [
          {
            "title": "sin(30)",
            "fullTitle": "函数检测 sin(30)",
            "timedOut": false,
            "duration": 16,
            "state": "passed",
            "speed": "fast",
            "pass": true,
            "fail": false,
            "pending": false,
            "code": "expect(csum(\"sin(30)\")).to.be.equal(Math.sin(30 * Math.PI / 180));",
            "err": {},
            "isRoot": false,
            "uuid": "9e09b6ad-e503-42c7-be7a-effa31d6c887",
            "parentUUID": "79c324c2-bb13-42f9-ac52-d2b5145a26de",
            "isHook": false,
            "skipped": false
          },
          {
            "title": "pow(2,pow(2,2))",
            "fullTitle": "函数检测 pow(2,pow(2,2))",
            "timedOut": false,
            "duration": 0,
            "state": "passed",
            "speed": "fast",
            "pass": true,
            "fail": false,
            "pending": false,
            "code": "expect(csum(\"pow(2,pow(2,2))\")).to.be.equal(16);",
            "err": {},
            "isRoot": false,
            "uuid": "7078c15c-3338-417b-93ee-bfbbf78c786c",
            "parentUUID": "79c324c2-bb13-42f9-ac52-d2b5145a26de",
            "isHook": false,
            "skipped": false
          },
          {
            "title": "pow(pow(2,2),pow(2,2))",
            "fullTitle": "函数检测 pow(pow(2,2),pow(2,2))",
            "timedOut": false,
            "duration": 0,
            "state": "passed",
            "speed": "fast",
            "pass": true,
            "fail": false,
            "pending": false,
            "code": "expect(csum(\"pow(pow(2,2),pow(2,2))\")).to.be.equal(256);",
            "err": {},
            "isRoot": false,
            "uuid": "f3e63d27-a292-4a96-86d6-5adc8fa5b43b",
            "parentUUID": "79c324c2-bb13-42f9-ac52-d2b5145a26de",
            "isHook": false,
            "skipped": false
          }
        ],
        "pending": [],
        "root": false,
        "_timeout": 2000,
        "file": "\\test\\main.test.js",
        "uuid": "79c324c2-bb13-42f9-ac52-d2b5145a26de",
        "beforeHooks": [],
        "afterHooks": [],
        "fullFile": "C:\\Users\\winack\\WebstormProjects\\calc\\test\\main.test.js",
        "passes": [
          {
            "title": "sin(30)",
            "fullTitle": "函数检测 sin(30)",
            "timedOut": false,
            "duration": 16,
            "state": "passed",
            "speed": "fast",
            "pass": true,
            "fail": false,
            "pending": false,
            "code": "expect(csum(\"sin(30)\")).to.be.equal(Math.sin(30 * Math.PI / 180));",
            "err": {},
            "isRoot": false,
            "uuid": "9e09b6ad-e503-42c7-be7a-effa31d6c887",
            "parentUUID": "79c324c2-bb13-42f9-ac52-d2b5145a26de",
            "isHook": false,
            "skipped": false
          },
          {
            "title": "pow(2,pow(2,2))",
            "fullTitle": "函数检测 pow(2,pow(2,2))",
            "timedOut": false,
            "duration": 0,
            "state": "passed",
            "speed": "fast",
            "pass": true,
            "fail": false,
            "pending": false,
            "code": "expect(csum(\"pow(2,pow(2,2))\")).to.be.equal(16);",
            "err": {},
            "isRoot": false,
            "uuid": "7078c15c-3338-417b-93ee-bfbbf78c786c",
            "parentUUID": "79c324c2-bb13-42f9-ac52-d2b5145a26de",
            "isHook": false,
            "skipped": false
          },
          {
            "title": "pow(pow(2,2),pow(2,2))",
            "fullTitle": "函数检测 pow(pow(2,2),pow(2,2))",
            "timedOut": false,
            "duration": 0,
            "state": "passed",
            "speed": "fast",
            "pass": true,
            "fail": false,
            "pending": false,
            "code": "expect(csum(\"pow(pow(2,2),pow(2,2))\")).to.be.equal(256);",
            "err": {},
            "isRoot": false,
            "uuid": "f3e63d27-a292-4a96-86d6-5adc8fa5b43b",
            "parentUUID": "79c324c2-bb13-42f9-ac52-d2b5145a26de",
            "isHook": false,
            "skipped": false
          }
        ],
        "failures": [],
        "skipped": [],
        "hasBeforeHooks": false,
        "hasAfterHooks": false,
        "hasTests": true,
        "hasSuites": false,
        "totalTests": 3,
        "totalPasses": 3,
        "totalFailures": 0,
        "totalPending": 0,
        "totalSkipped": 0,
        "hasPasses": true,
        "hasFailures": false,
        "hasPending": false,
        "hasSkipped": false,
        "duration": 16,
        "rootEmpty": false
      },
      {
        "title": "特殊检测",
        "suites": [],
        "tests": [
          {
            "title": "-1",
            "fullTitle": "特殊检测 -1",
            "timedOut": false,
            "duration": 0,
            "state": "passed",
            "speed": "fast",
            "pass": true,
            "fail": false,
            "pending": false,
            "code": "expect(csum(\"-1\")).to.be.equal(-1);",
            "err": {},
            "isRoot": false,
            "uuid": "4a3f0150-7d47-417b-9ecb-c63699c42f11",
            "parentUUID": "ec7136b8-3de5-45ce-ba87-b2cb59405a57",
            "isHook": false,
            "skipped": false
          },
          {
            "title": "-1+(+1)",
            "fullTitle": "特殊检测 -1+(+1)",
            "timedOut": false,
            "duration": 0,
            "state": "passed",
            "speed": "fast",
            "pass": true,
            "fail": false,
            "pending": false,
            "code": "expect(csum(\"-1+(+1)\")).to.be.equal(0);",
            "err": {},
            "isRoot": false,
            "uuid": "40ae35bf-c485-4cbc-976d-c36dc52823d6",
            "parentUUID": "ec7136b8-3de5-45ce-ba87-b2cb59405a57",
            "isHook": false,
            "skipped": false
          },
          {
            "title": "1+++2-+1",
            "fullTitle": "特殊检测 1+++2-+1",
            "timedOut": false,
            "duration": 0,
            "state": "passed",
            "speed": "fast",
            "pass": true,
            "fail": false,
            "pending": false,
            "code": "expect(csum(\"1+++2-+1\")).to.be.equal(2);",
            "err": {},
            "isRoot": false,
            "uuid": "0adcd759-5c8b-4d96-81a4-8ef48fcd4315",
            "parentUUID": "ec7136b8-3de5-45ce-ba87-b2cb59405a57",
            "isHook": false,
            "skipped": false
          }
        ],
        "pending": [],
        "root": false,
        "_timeout": 2000,
        "file": "\\test\\main.test.js",
        "uuid": "ec7136b8-3de5-45ce-ba87-b2cb59405a57",
        "beforeHooks": [],
        "afterHooks": [],
        "fullFile": "C:\\Users\\winack\\WebstormProjects\\calc\\test\\main.test.js",
        "passes": [
          {
            "title": "-1",
            "fullTitle": "特殊检测 -1",
            "timedOut": false,
            "duration": 0,
            "state": "passed",
            "speed": "fast",
            "pass": true,
            "fail": false,
            "pending": false,
            "code": "expect(csum(\"-1\")).to.be.equal(-1);",
            "err": {},
            "isRoot": false,
            "uuid": "4a3f0150-7d47-417b-9ecb-c63699c42f11",
            "parentUUID": "ec7136b8-3de5-45ce-ba87-b2cb59405a57",
            "isHook": false,
            "skipped": false
          },
          {
            "title": "-1+(+1)",
            "fullTitle": "特殊检测 -1+(+1)",
            "timedOut": false,
            "duration": 0,
            "state": "passed",
            "speed": "fast",
            "pass": true,
            "fail": false,
            "pending": false,
            "code": "expect(csum(\"-1+(+1)\")).to.be.equal(0);",
            "err": {},
            "isRoot": false,
            "uuid": "40ae35bf-c485-4cbc-976d-c36dc52823d6",
            "parentUUID": "ec7136b8-3de5-45ce-ba87-b2cb59405a57",
            "isHook": false,
            "skipped": false
          },
          {
            "title": "1+++2-+1",
            "fullTitle": "特殊检测 1+++2-+1",
            "timedOut": false,
            "duration": 0,
            "state": "passed",
            "speed": "fast",
            "pass": true,
            "fail": false,
            "pending": false,
            "code": "expect(csum(\"1+++2-+1\")).to.be.equal(2);",
            "err": {},
            "isRoot": false,
            "uuid": "0adcd759-5c8b-4d96-81a4-8ef48fcd4315",
            "parentUUID": "ec7136b8-3de5-45ce-ba87-b2cb59405a57",
            "isHook": false,
            "skipped": false
          }
        ],
        "failures": [],
        "skipped": [],
        "hasBeforeHooks": false,
        "hasAfterHooks": false,
        "hasTests": true,
        "hasSuites": false,
        "totalTests": 3,
        "totalPasses": 3,
        "totalFailures": 0,
        "totalPending": 0,
        "totalSkipped": 0,
        "hasPasses": true,
        "hasFailures": false,
        "hasPending": false,
        "hasSkipped": false,
        "duration": 0,
        "rootEmpty": false
      },
      {
        "title": "错误检测",
        "suites": [],
        "tests": [
          {
            "title": "ssin(30)",
            "fullTitle": "错误检测 ssin(30)",
            "timedOut": false,
            "duration": 0,
            "state": "passed",
            "speed": "fast",
            "pass": true,
            "fail": false,
            "pending": false,
            "code": "expect(csum(\"ssin(30)\")).to.be.an.instanceOf(Error);",
            "err": {},
            "isRoot": false,
            "uuid": "4c4051ff-9e0b-4989-ade7-f9770c94240e",
            "parentUUID": "2ec32080-5e51-49ea-bc9d-fd8376501f65",
            "isHook": false,
            "skipped": false
          },
          {
            "title": "3sin(30)",
            "fullTitle": "错误检测 3sin(30)",
            "timedOut": false,
            "duration": 0,
            "state": "passed",
            "speed": "fast",
            "pass": true,
            "fail": false,
            "pending": false,
            "code": "expect(csum(\"3din(30)\")).to.be.an.instanceOf(Error);",
            "err": {},
            "isRoot": false,
            "uuid": "490f02bf-5fbd-44fe-bf7f-087caa91b774",
            "parentUUID": "2ec32080-5e51-49ea-bc9d-fd8376501f65",
            "isHook": false,
            "skipped": false
          },
          {
            "title": "1+2*(1+1))",
            "fullTitle": "错误检测 1+2*(1+1))",
            "timedOut": false,
            "duration": 0,
            "state": "passed",
            "speed": "fast",
            "pass": true,
            "fail": false,
            "pending": false,
            "code": "expect(csum(\"1+2*(1+1))\")).to.be.an.instanceOf(Error);",
            "err": {},
            "isRoot": false,
            "uuid": "cd2cb939-2de7-4480-a43e-3c9bb62d9c8a",
            "parentUUID": "2ec32080-5e51-49ea-bc9d-fd8376501f65",
            "isHook": false,
            "skipped": false
          },
          {
            "title": "1+po w(2,2)",
            "fullTitle": "错误检测 1+po w(2,2)",
            "timedOut": false,
            "duration": 0,
            "state": "passed",
            "speed": "fast",
            "pass": true,
            "fail": false,
            "pending": false,
            "code": "expect(csum(\"1+po w(2,2)\")).to.be.an.instanceof(Error);",
            "err": {},
            "isRoot": false,
            "uuid": "9c8caad2-5304-4c01-bd1e-7c651d65e9dc",
            "parentUUID": "2ec32080-5e51-49ea-bc9d-fd8376501f65",
            "isHook": false,
            "skipped": false
          },
          {
            "title": "1+pow(2,2,2)",
            "fullTitle": "错误检测 1+pow(2,2,2)",
            "timedOut": false,
            "duration": 0,
            "state": "passed",
            "speed": "fast",
            "pass": true,
            "fail": false,
            "pending": false,
            "code": "expect(csum(\"1+pow(2,2,2)\")).to.be.an.instanceof(Error);",
            "err": {},
            "isRoot": false,
            "uuid": "d397924a-47fe-42ca-aca3-6acc8eb823e1",
            "parentUUID": "2ec32080-5e51-49ea-bc9d-fd8376501f65",
            "isHook": false,
            "skipped": false
          }
        ],
        "pending": [],
        "root": false,
        "_timeout": 2000,
        "file": "\\test\\main.test.js",
        "uuid": "2ec32080-5e51-49ea-bc9d-fd8376501f65",
        "beforeHooks": [],
        "afterHooks": [],
        "fullFile": "C:\\Users\\winack\\WebstormProjects\\calc\\test\\main.test.js",
        "passes": [
          {
            "title": "ssin(30)",
            "fullTitle": "错误检测 ssin(30)",
            "timedOut": false,
            "duration": 0,
            "state": "passed",
            "speed": "fast",
            "pass": true,
            "fail": false,
            "pending": false,
            "code": "expect(csum(\"ssin(30)\")).to.be.an.instanceOf(Error);",
            "err": {},
            "isRoot": false,
            "uuid": "4c4051ff-9e0b-4989-ade7-f9770c94240e",
            "parentUUID": "2ec32080-5e51-49ea-bc9d-fd8376501f65",
            "isHook": false,
            "skipped": false
          },
          {
            "title": "3sin(30)",
            "fullTitle": "错误检测 3sin(30)",
            "timedOut": false,
            "duration": 0,
            "state": "passed",
            "speed": "fast",
            "pass": true,
            "fail": false,
            "pending": false,
            "code": "expect(csum(\"3din(30)\")).to.be.an.instanceOf(Error);",
            "err": {},
            "isRoot": false,
            "uuid": "490f02bf-5fbd-44fe-bf7f-087caa91b774",
            "parentUUID": "2ec32080-5e51-49ea-bc9d-fd8376501f65",
            "isHook": false,
            "skipped": false
          },
          {
            "title": "1+2*(1+1))",
            "fullTitle": "错误检测 1+2*(1+1))",
            "timedOut": false,
            "duration": 0,
            "state": "passed",
            "speed": "fast",
            "pass": true,
            "fail": false,
            "pending": false,
            "code": "expect(csum(\"1+2*(1+1))\")).to.be.an.instanceOf(Error);",
            "err": {},
            "isRoot": false,
            "uuid": "cd2cb939-2de7-4480-a43e-3c9bb62d9c8a",
            "parentUUID": "2ec32080-5e51-49ea-bc9d-fd8376501f65",
            "isHook": false,
            "skipped": false
          },
          {
            "title": "1+po w(2,2)",
            "fullTitle": "错误检测 1+po w(2,2)",
            "timedOut": false,
            "duration": 0,
            "state": "passed",
            "speed": "fast",
            "pass": true,
            "fail": false,
            "pending": false,
            "code": "expect(csum(\"1+po w(2,2)\")).to.be.an.instanceof(Error);",
            "err": {},
            "isRoot": false,
            "uuid": "9c8caad2-5304-4c01-bd1e-7c651d65e9dc",
            "parentUUID": "2ec32080-5e51-49ea-bc9d-fd8376501f65",
            "isHook": false,
            "skipped": false
          },
          {
            "title": "1+pow(2,2,2)",
            "fullTitle": "错误检测 1+pow(2,2,2)",
            "timedOut": false,
            "duration": 0,
            "state": "passed",
            "speed": "fast",
            "pass": true,
            "fail": false,
            "pending": false,
            "code": "expect(csum(\"1+pow(2,2,2)\")).to.be.an.instanceof(Error);",
            "err": {},
            "isRoot": false,
            "uuid": "d397924a-47fe-42ca-aca3-6acc8eb823e1",
            "parentUUID": "2ec32080-5e51-49ea-bc9d-fd8376501f65",
            "isHook": false,
            "skipped": false
          }
        ],
        "failures": [],
        "skipped": [],
        "hasBeforeHooks": false,
        "hasAfterHooks": false,
        "hasTests": true,
        "hasSuites": false,
        "totalTests": 5,
        "totalPasses": 5,
        "totalFailures": 0,
        "totalPending": 0,
        "totalSkipped": 0,
        "hasPasses": true,
        "hasFailures": false,
        "hasPending": false,
        "hasSkipped": false,
        "duration": 0,
        "rootEmpty": false
      }
    ],
    "tests": [],
    "pending": [],
    "root": true,
    "_timeout": 2000,
    "uuid": "53eded3c-630c-4861-8574-38f4b60c7ac1",
    "beforeHooks": [],
    "afterHooks": [],
    "fullFile": "",
    "file": "",
    "passes": [],
    "failures": [],
    "skipped": [],
    "hasBeforeHooks": false,
    "hasAfterHooks": false,
    "hasTests": false,
    "hasSuites": true,
    "totalTests": 0,
    "totalPasses": 0,
    "totalFailures": 0,
    "totalPending": 0,
    "totalSkipped": 0,
    "hasPasses": false,
    "hasFailures": false,
    "hasPending": false,
    "hasSkipped": false,
    "duration": 0,
    "rootEmpty": true
  },
  "allTests": [
    {
      "title": "1 + 1 = 2",
      "fullTitle": "基本运算检测 1 + 1 = 2",
      "timedOut": false,
      "duration": 0,
      "state": "passed",
      "speed": "fast",
      "pass": true,
      "fail": false,
      "pending": false,
      "code": "expect(csum(\"1+1\")).to.be.equal(2);",
      "err": {},
      "isRoot": false,
      "uuid": "48504b8b-7fb0-4ec3-a129-30a5eaa26b87",
      "parentUUID": "525ea2dc-02cc-4947-a77e-aabee5dfd74e",
      "isHook": false,
      "skipped": false
    },
    {
      "title": "1 - 1 = 0",
      "fullTitle": "基本运算检测 1 - 1 = 0",
      "timedOut": false,
      "duration": 0,
      "state": "passed",
      "speed": "fast",
      "pass": true,
      "fail": false,
      "pending": false,
      "code": "expect(csum(\"1-1\")).to.be.equal(0);",
      "err": {},
      "isRoot": false,
      "uuid": "74a98681-f7b1-4009-a190-66b3d0058c2d",
      "parentUUID": "525ea2dc-02cc-4947-a77e-aabee5dfd74e",
      "isHook": false,
      "skipped": false
    },
    {
      "title": "1 * 2 = 2",
      "fullTitle": "基本运算检测 1 * 2 = 2",
      "timedOut": false,
      "duration": 0,
      "state": "passed",
      "speed": "fast",
      "pass": true,
      "fail": false,
      "pending": false,
      "code": "expect(csum(\"1*2\")).to.be.equal(2);",
      "err": {},
      "isRoot": false,
      "uuid": "0176f005-7737-4f19-8ad9-aaf5deca7a42",
      "parentUUID": "525ea2dc-02cc-4947-a77e-aabee5dfd74e",
      "isHook": false,
      "skipped": false
    },
    {
      "title": "2 / 2 = 1",
      "fullTitle": "基本运算检测 2 / 2 = 1",
      "timedOut": false,
      "duration": 0,
      "state": "passed",
      "speed": "fast",
      "pass": true,
      "fail": false,
      "pending": false,
      "code": "expect(csum(\"2/2\")).to.be.equal(1);",
      "err": {},
      "isRoot": false,
      "uuid": "195e4010-ce38-4bbb-a4a0-d3ba9e275f24",
      "parentUUID": "525ea2dc-02cc-4947-a77e-aabee5dfd74e",
      "isHook": false,
      "skipped": false
    },
    {
      "title": "3 % 2 = 1",
      "fullTitle": "基本运算检测 3 % 2 = 1",
      "timedOut": false,
      "duration": 0,
      "state": "passed",
      "speed": "fast",
      "pass": true,
      "fail": false,
      "pending": false,
      "code": "expect(csum(\"3%2\")).to.be.equal(1);",
      "err": {},
      "isRoot": false,
      "uuid": "d46268ca-553b-4d36-a144-d1539c755f57",
      "parentUUID": "525ea2dc-02cc-4947-a77e-aabee5dfd74e",
      "isHook": false,
      "skipped": false
    },
    {
      "title": "2 ^ 2 =4",
      "fullTitle": "基本运算检测 2 ^ 2 =4",
      "timedOut": false,
      "duration": 0,
      "state": "passed",
      "speed": "fast",
      "pass": true,
      "fail": false,
      "pending": false,
      "code": "expect(csum(\"2^2\")).to.be.equal(4);",
      "err": {},
      "isRoot": false,
      "uuid": "9cf05092-f64b-452f-9828-a5b5e24e68f9",
      "parentUUID": "525ea2dc-02cc-4947-a77e-aabee5dfd74e",
      "isHook": false,
      "skipped": false
    },
    {
      "title": "1+(1+1)*3^2",
      "fullTitle": "基本运算检测 1+(1+1)*3^2",
      "timedOut": false,
      "duration": 0,
      "state": "passed",
      "speed": "fast",
      "pass": true,
      "fail": false,
      "pending": false,
      "code": "expect(csum(\"1+(1+1)*3^2\")).to.be.equal(19);",
      "err": {},
      "isRoot": false,
      "uuid": "18a18031-75f9-49da-a5f7-f8944df6bc3f",
      "parentUUID": "525ea2dc-02cc-4947-a77e-aabee5dfd74e",
      "isHook": false,
      "skipped": false
    },
    {
      "title": "2^2^2",
      "fullTitle": "基本运算检测 2^2^2",
      "timedOut": false,
      "duration": 0,
      "state": "passed",
      "speed": "fast",
      "pass": true,
      "fail": false,
      "pending": false,
      "code": "expect(csum(\"2^2^2\")).to.be.equal(16);",
      "err": {},
      "isRoot": false,
      "uuid": "c80f73f0-265d-49a5-a130-c9d3708b83f1",
      "parentUUID": "525ea2dc-02cc-4947-a77e-aabee5dfd74e",
      "isHook": false,
      "skipped": false
    },
    {
      "title": "-1 + 2 = 1",
      "fullTitle": "复杂加减检测 -1 + 2 = 1",
      "timedOut": false,
      "duration": 0,
      "state": "passed",
      "speed": "fast",
      "pass": true,
      "fail": false,
      "pending": false,
      "code": "expect(csum(\"-1+2\")).to.be.equal(1);",
      "err": {},
      "isRoot": false,
      "uuid": "4445c99d-b1ea-4d43-889e-3040520e58eb",
      "parentUUID": "8dea04f7-08e6-4579-aee6-2537a58a7333",
      "isHook": false,
      "skipped": false
    },
    {
      "title": "1 +- 1 = 0",
      "fullTitle": "复杂加减检测 1 +- 1 = 0",
      "timedOut": false,
      "duration": 0,
      "state": "passed",
      "speed": "fast",
      "pass": true,
      "fail": false,
      "pending": false,
      "code": "expect(csum(\"1+-1\")).to.be.equal(0);",
      "err": {},
      "isRoot": false,
      "uuid": "2ba975b6-8197-436a-93ba-70e664ef4c4a",
      "parentUUID": "8dea04f7-08e6-4579-aee6-2537a58a7333",
      "isHook": false,
      "skipped": false
    },
    {
      "title": "2+++-1",
      "fullTitle": "复杂加减检测 2+++-1",
      "timedOut": false,
      "duration": 0,
      "state": "passed",
      "speed": "fast",
      "pass": true,
      "fail": false,
      "pending": false,
      "code": "expect(csum(\"2+++-1\")).to.be.equal(1);",
      "err": {},
      "isRoot": false,
      "uuid": "85e11177-5955-4a26-8aa8-b9b05c7aee02",
      "parentUUID": "8dea04f7-08e6-4579-aee6-2537a58a7333",
      "isHook": false,
      "skipped": false
    },
    {
      "title": "-1 + 1 = 0",
      "fullTitle": "空白符检测 -1 + 1 = 0",
      "timedOut": false,
      "duration": 0,
      "state": "passed",
      "speed": "fast",
      "pass": true,
      "fail": false,
      "pending": false,
      "code": "expect(csum(\" -1 + 1\")).to.be.equal(0);",
      "err": {},
      "isRoot": false,
      "uuid": "0bef593e-bff1-4eb4-88ae-424158f4aa6d",
      "parentUUID": "3675ce9e-7d50-4cd2-b8c0-715c0cd221d7",
      "isHook": false,
      "skipped": false
    },
    {
      "title": " -  1 + + 2 = 1",
      "fullTitle": "空白符检测  -  1 + + 2 = 1",
      "timedOut": false,
      "duration": 0,
      "state": "failed",
      "pass": false,
      "fail": true,
      "pending": false,
      "code": "expect(csum(\" -  1 + + 2 \")).to.be.equal(1);",
      "err": {
        "message": "AssertionError: expected [Error: 14:12] to equal 1",
        "estack": "AssertionError: expected [Error: 14:12] to equal 1\n    at Context.<anonymous> (C:/Users/winack/WebstormProjects/calc/test/main.test.js:47:44)"
      },
      "isRoot": false,
      "uuid": "c5ee4ed8-8f03-4adb-8c70-19ad7e0dc81d",
      "parentUUID": "3675ce9e-7d50-4cd2-b8c0-715c0cd221d7",
      "isHook": false,
      "skipped": false
    },
    {
      "title": "- 1 * 2",
      "fullTitle": "空白符检测 - 1 * 2",
      "timedOut": false,
      "duration": 0,
      "state": "failed",
      "pass": false,
      "fail": true,
      "pending": false,
      "code": "expect(csum(\"- 1 * 2 \")).to.be.equal(-2);",
      "err": {
        "message": "AssertionError: expected [Error: 14:8] to equal -2",
        "estack": "AssertionError: expected [Error: 14:8] to equal -2\n    at Context.<anonymous> (C:/Users/winack/WebstormProjects/calc/test/main.test.js:50:40)"
      },
      "isRoot": false,
      "uuid": "0eca8d24-d1c6-46af-8f0f-093623f75316",
      "parentUUID": "3675ce9e-7d50-4cd2-b8c0-715c0cd221d7",
      "isHook": false,
      "skipped": false
    },
    {
      "title": "pi+1",
      "fullTitle": "常量检测 pi+1",
      "timedOut": false,
      "duration": 0,
      "state": "passed",
      "speed": "fast",
      "pass": true,
      "fail": false,
      "pending": false,
      "code": "expect(csum(\"pi+1\")).to.be.equal(Math.PI + 1);",
      "err": {},
      "isRoot": false,
      "uuid": "aab6c8c7-b7d4-49cd-ad1c-7d8a8b4a0dd6",
      "parentUUID": "cf47fd8d-7566-486e-8d5a-53018a072cfa",
      "isHook": false,
      "skipped": false
    },
    {
      "title": "sin(30)",
      "fullTitle": "函数检测 sin(30)",
      "timedOut": false,
      "duration": 16,
      "state": "passed",
      "speed": "fast",
      "pass": true,
      "fail": false,
      "pending": false,
      "code": "expect(csum(\"sin(30)\")).to.be.equal(Math.sin(30 * Math.PI / 180));",
      "err": {},
      "isRoot": false,
      "uuid": "9e09b6ad-e503-42c7-be7a-effa31d6c887",
      "parentUUID": "79c324c2-bb13-42f9-ac52-d2b5145a26de",
      "isHook": false,
      "skipped": false
    },
    {
      "title": "pow(2,pow(2,2))",
      "fullTitle": "函数检测 pow(2,pow(2,2))",
      "timedOut": false,
      "duration": 0,
      "state": "passed",
      "speed": "fast",
      "pass": true,
      "fail": false,
      "pending": false,
      "code": "expect(csum(\"pow(2,pow(2,2))\")).to.be.equal(16);",
      "err": {},
      "isRoot": false,
      "uuid": "7078c15c-3338-417b-93ee-bfbbf78c786c",
      "parentUUID": "79c324c2-bb13-42f9-ac52-d2b5145a26de",
      "isHook": false,
      "skipped": false
    },
    {
      "title": "pow(pow(2,2),pow(2,2))",
      "fullTitle": "函数检测 pow(pow(2,2),pow(2,2))",
      "timedOut": false,
      "duration": 0,
      "state": "passed",
      "speed": "fast",
      "pass": true,
      "fail": false,
      "pending": false,
      "code": "expect(csum(\"pow(pow(2,2),pow(2,2))\")).to.be.equal(256);",
      "err": {},
      "isRoot": false,
      "uuid": "f3e63d27-a292-4a96-86d6-5adc8fa5b43b",
      "parentUUID": "79c324c2-bb13-42f9-ac52-d2b5145a26de",
      "isHook": false,
      "skipped": false
    },
    {
      "title": "-1",
      "fullTitle": "特殊检测 -1",
      "timedOut": false,
      "duration": 0,
      "state": "passed",
      "speed": "fast",
      "pass": true,
      "fail": false,
      "pending": false,
      "code": "expect(csum(\"-1\")).to.be.equal(-1);",
      "err": {},
      "isRoot": false,
      "uuid": "4a3f0150-7d47-417b-9ecb-c63699c42f11",
      "parentUUID": "ec7136b8-3de5-45ce-ba87-b2cb59405a57",
      "isHook": false,
      "skipped": false
    },
    {
      "title": "-1+(+1)",
      "fullTitle": "特殊检测 -1+(+1)",
      "timedOut": false,
      "duration": 0,
      "state": "passed",
      "speed": "fast",
      "pass": true,
      "fail": false,
      "pending": false,
      "code": "expect(csum(\"-1+(+1)\")).to.be.equal(0);",
      "err": {},
      "isRoot": false,
      "uuid": "40ae35bf-c485-4cbc-976d-c36dc52823d6",
      "parentUUID": "ec7136b8-3de5-45ce-ba87-b2cb59405a57",
      "isHook": false,
      "skipped": false
    },
    {
      "title": "1+++2-+1",
      "fullTitle": "特殊检测 1+++2-+1",
      "timedOut": false,
      "duration": 0,
      "state": "passed",
      "speed": "fast",
      "pass": true,
      "fail": false,
      "pending": false,
      "code": "expect(csum(\"1+++2-+1\")).to.be.equal(2);",
      "err": {},
      "isRoot": false,
      "uuid": "0adcd759-5c8b-4d96-81a4-8ef48fcd4315",
      "parentUUID": "ec7136b8-3de5-45ce-ba87-b2cb59405a57",
      "isHook": false,
      "skipped": false
    },
    {
      "title": "ssin(30)",
      "fullTitle": "错误检测 ssin(30)",
      "timedOut": false,
      "duration": 0,
      "state": "passed",
      "speed": "fast",
      "pass": true,
      "fail": false,
      "pending": false,
      "code": "expect(csum(\"ssin(30)\")).to.be.an.instanceOf(Error);",
      "err": {},
      "isRoot": false,
      "uuid": "4c4051ff-9e0b-4989-ade7-f9770c94240e",
      "parentUUID": "2ec32080-5e51-49ea-bc9d-fd8376501f65",
      "isHook": false,
      "skipped": false
    },
    {
      "title": "3sin(30)",
      "fullTitle": "错误检测 3sin(30)",
      "timedOut": false,
      "duration": 0,
      "state": "passed",
      "speed": "fast",
      "pass": true,
      "fail": false,
      "pending": false,
      "code": "expect(csum(\"3din(30)\")).to.be.an.instanceOf(Error);",
      "err": {},
      "isRoot": false,
      "uuid": "490f02bf-5fbd-44fe-bf7f-087caa91b774",
      "parentUUID": "2ec32080-5e51-49ea-bc9d-fd8376501f65",
      "isHook": false,
      "skipped": false
    },
    {
      "title": "1+2*(1+1))",
      "fullTitle": "错误检测 1+2*(1+1))",
      "timedOut": false,
      "duration": 0,
      "state": "passed",
      "speed": "fast",
      "pass": true,
      "fail": false,
      "pending": false,
      "code": "expect(csum(\"1+2*(1+1))\")).to.be.an.instanceOf(Error);",
      "err": {},
      "isRoot": false,
      "uuid": "cd2cb939-2de7-4480-a43e-3c9bb62d9c8a",
      "parentUUID": "2ec32080-5e51-49ea-bc9d-fd8376501f65",
      "isHook": false,
      "skipped": false
    },
    {
      "title": "1+po w(2,2)",
      "fullTitle": "错误检测 1+po w(2,2)",
      "timedOut": false,
      "duration": 0,
      "state": "passed",
      "speed": "fast",
      "pass": true,
      "fail": false,
      "pending": false,
      "code": "expect(csum(\"1+po w(2,2)\")).to.be.an.instanceof(Error);",
      "err": {},
      "isRoot": false,
      "uuid": "9c8caad2-5304-4c01-bd1e-7c651d65e9dc",
      "parentUUID": "2ec32080-5e51-49ea-bc9d-fd8376501f65",
      "isHook": false,
      "skipped": false
    },
    {
      "title": "1+pow(2,2,2)",
      "fullTitle": "错误检测 1+pow(2,2,2)",
      "timedOut": false,
      "duration": 0,
      "state": "passed",
      "speed": "fast",
      "pass": true,
      "fail": false,
      "pending": false,
      "code": "expect(csum(\"1+pow(2,2,2)\")).to.be.an.instanceof(Error);",
      "err": {},
      "isRoot": false,
      "uuid": "d397924a-47fe-42ca-aca3-6acc8eb823e1",
      "parentUUID": "2ec32080-5e51-49ea-bc9d-fd8376501f65",
      "isHook": false,
      "skipped": false
    }
  ],
  "allPending": [],
  "allPasses": [
    {
      "title": "1 + 1 = 2",
      "fullTitle": "基本运算检测 1 + 1 = 2",
      "timedOut": false,
      "duration": 0,
      "state": "passed",
      "speed": "fast",
      "pass": true,
      "fail": false,
      "pending": false,
      "code": "expect(csum(\"1+1\")).to.be.equal(2);",
      "err": {},
      "isRoot": false,
      "uuid": "48504b8b-7fb0-4ec3-a129-30a5eaa26b87",
      "parentUUID": "525ea2dc-02cc-4947-a77e-aabee5dfd74e",
      "isHook": false,
      "skipped": false
    },
    {
      "title": "1 - 1 = 0",
      "fullTitle": "基本运算检测 1 - 1 = 0",
      "timedOut": false,
      "duration": 0,
      "state": "passed",
      "speed": "fast",
      "pass": true,
      "fail": false,
      "pending": false,
      "code": "expect(csum(\"1-1\")).to.be.equal(0);",
      "err": {},
      "isRoot": false,
      "uuid": "74a98681-f7b1-4009-a190-66b3d0058c2d",
      "parentUUID": "525ea2dc-02cc-4947-a77e-aabee5dfd74e",
      "isHook": false,
      "skipped": false
    },
    {
      "title": "1 * 2 = 2",
      "fullTitle": "基本运算检测 1 * 2 = 2",
      "timedOut": false,
      "duration": 0,
      "state": "passed",
      "speed": "fast",
      "pass": true,
      "fail": false,
      "pending": false,
      "code": "expect(csum(\"1*2\")).to.be.equal(2);",
      "err": {},
      "isRoot": false,
      "uuid": "0176f005-7737-4f19-8ad9-aaf5deca7a42",
      "parentUUID": "525ea2dc-02cc-4947-a77e-aabee5dfd74e",
      "isHook": false,
      "skipped": false
    },
    {
      "title": "2 / 2 = 1",
      "fullTitle": "基本运算检测 2 / 2 = 1",
      "timedOut": false,
      "duration": 0,
      "state": "passed",
      "speed": "fast",
      "pass": true,
      "fail": false,
      "pending": false,
      "code": "expect(csum(\"2/2\")).to.be.equal(1);",
      "err": {},
      "isRoot": false,
      "uuid": "195e4010-ce38-4bbb-a4a0-d3ba9e275f24",
      "parentUUID": "525ea2dc-02cc-4947-a77e-aabee5dfd74e",
      "isHook": false,
      "skipped": false
    },
    {
      "title": "3 % 2 = 1",
      "fullTitle": "基本运算检测 3 % 2 = 1",
      "timedOut": false,
      "duration": 0,
      "state": "passed",
      "speed": "fast",
      "pass": true,
      "fail": false,
      "pending": false,
      "code": "expect(csum(\"3%2\")).to.be.equal(1);",
      "err": {},
      "isRoot": false,
      "uuid": "d46268ca-553b-4d36-a144-d1539c755f57",
      "parentUUID": "525ea2dc-02cc-4947-a77e-aabee5dfd74e",
      "isHook": false,
      "skipped": false
    },
    {
      "title": "2 ^ 2 =4",
      "fullTitle": "基本运算检测 2 ^ 2 =4",
      "timedOut": false,
      "duration": 0,
      "state": "passed",
      "speed": "fast",
      "pass": true,
      "fail": false,
      "pending": false,
      "code": "expect(csum(\"2^2\")).to.be.equal(4);",
      "err": {},
      "isRoot": false,
      "uuid": "9cf05092-f64b-452f-9828-a5b5e24e68f9",
      "parentUUID": "525ea2dc-02cc-4947-a77e-aabee5dfd74e",
      "isHook": false,
      "skipped": false
    },
    {
      "title": "1+(1+1)*3^2",
      "fullTitle": "基本运算检测 1+(1+1)*3^2",
      "timedOut": false,
      "duration": 0,
      "state": "passed",
      "speed": "fast",
      "pass": true,
      "fail": false,
      "pending": false,
      "code": "expect(csum(\"1+(1+1)*3^2\")).to.be.equal(19);",
      "err": {},
      "isRoot": false,
      "uuid": "18a18031-75f9-49da-a5f7-f8944df6bc3f",
      "parentUUID": "525ea2dc-02cc-4947-a77e-aabee5dfd74e",
      "isHook": false,
      "skipped": false
    },
    {
      "title": "2^2^2",
      "fullTitle": "基本运算检测 2^2^2",
      "timedOut": false,
      "duration": 0,
      "state": "passed",
      "speed": "fast",
      "pass": true,
      "fail": false,
      "pending": false,
      "code": "expect(csum(\"2^2^2\")).to.be.equal(16);",
      "err": {},
      "isRoot": false,
      "uuid": "c80f73f0-265d-49a5-a130-c9d3708b83f1",
      "parentUUID": "525ea2dc-02cc-4947-a77e-aabee5dfd74e",
      "isHook": false,
      "skipped": false
    },
    {
      "title": "-1 + 2 = 1",
      "fullTitle": "复杂加减检测 -1 + 2 = 1",
      "timedOut": false,
      "duration": 0,
      "state": "passed",
      "speed": "fast",
      "pass": true,
      "fail": false,
      "pending": false,
      "code": "expect(csum(\"-1+2\")).to.be.equal(1);",
      "err": {},
      "isRoot": false,
      "uuid": "4445c99d-b1ea-4d43-889e-3040520e58eb",
      "parentUUID": "8dea04f7-08e6-4579-aee6-2537a58a7333",
      "isHook": false,
      "skipped": false
    },
    {
      "title": "1 +- 1 = 0",
      "fullTitle": "复杂加减检测 1 +- 1 = 0",
      "timedOut": false,
      "duration": 0,
      "state": "passed",
      "speed": "fast",
      "pass": true,
      "fail": false,
      "pending": false,
      "code": "expect(csum(\"1+-1\")).to.be.equal(0);",
      "err": {},
      "isRoot": false,
      "uuid": "2ba975b6-8197-436a-93ba-70e664ef4c4a",
      "parentUUID": "8dea04f7-08e6-4579-aee6-2537a58a7333",
      "isHook": false,
      "skipped": false
    },
    {
      "title": "2+++-1",
      "fullTitle": "复杂加减检测 2+++-1",
      "timedOut": false,
      "duration": 0,
      "state": "passed",
      "speed": "fast",
      "pass": true,
      "fail": false,
      "pending": false,
      "code": "expect(csum(\"2+++-1\")).to.be.equal(1);",
      "err": {},
      "isRoot": false,
      "uuid": "85e11177-5955-4a26-8aa8-b9b05c7aee02",
      "parentUUID": "8dea04f7-08e6-4579-aee6-2537a58a7333",
      "isHook": false,
      "skipped": false
    },
    {
      "title": "-1 + 1 = 0",
      "fullTitle": "空白符检测 -1 + 1 = 0",
      "timedOut": false,
      "duration": 0,
      "state": "passed",
      "speed": "fast",
      "pass": true,
      "fail": false,
      "pending": false,
      "code": "expect(csum(\" -1 + 1\")).to.be.equal(0);",
      "err": {},
      "isRoot": false,
      "uuid": "0bef593e-bff1-4eb4-88ae-424158f4aa6d",
      "parentUUID": "3675ce9e-7d50-4cd2-b8c0-715c0cd221d7",
      "isHook": false,
      "skipped": false
    },
    {
      "title": "pi+1",
      "fullTitle": "常量检测 pi+1",
      "timedOut": false,
      "duration": 0,
      "state": "passed",
      "speed": "fast",
      "pass": true,
      "fail": false,
      "pending": false,
      "code": "expect(csum(\"pi+1\")).to.be.equal(Math.PI + 1);",
      "err": {},
      "isRoot": false,
      "uuid": "aab6c8c7-b7d4-49cd-ad1c-7d8a8b4a0dd6",
      "parentUUID": "cf47fd8d-7566-486e-8d5a-53018a072cfa",
      "isHook": false,
      "skipped": false
    },
    {
      "title": "sin(30)",
      "fullTitle": "函数检测 sin(30)",
      "timedOut": false,
      "duration": 16,
      "state": "passed",
      "speed": "fast",
      "pass": true,
      "fail": false,
      "pending": false,
      "code": "expect(csum(\"sin(30)\")).to.be.equal(Math.sin(30 * Math.PI / 180));",
      "err": {},
      "isRoot": false,
      "uuid": "9e09b6ad-e503-42c7-be7a-effa31d6c887",
      "parentUUID": "79c324c2-bb13-42f9-ac52-d2b5145a26de",
      "isHook": false,
      "skipped": false
    },
    {
      "title": "pow(2,pow(2,2))",
      "fullTitle": "函数检测 pow(2,pow(2,2))",
      "timedOut": false,
      "duration": 0,
      "state": "passed",
      "speed": "fast",
      "pass": true,
      "fail": false,
      "pending": false,
      "code": "expect(csum(\"pow(2,pow(2,2))\")).to.be.equal(16);",
      "err": {},
      "isRoot": false,
      "uuid": "7078c15c-3338-417b-93ee-bfbbf78c786c",
      "parentUUID": "79c324c2-bb13-42f9-ac52-d2b5145a26de",
      "isHook": false,
      "skipped": false
    },
    {
      "title": "pow(pow(2,2),pow(2,2))",
      "fullTitle": "函数检测 pow(pow(2,2),pow(2,2))",
      "timedOut": false,
      "duration": 0,
      "state": "passed",
      "speed": "fast",
      "pass": true,
      "fail": false,
      "pending": false,
      "code": "expect(csum(\"pow(pow(2,2),pow(2,2))\")).to.be.equal(256);",
      "err": {},
      "isRoot": false,
      "uuid": "f3e63d27-a292-4a96-86d6-5adc8fa5b43b",
      "parentUUID": "79c324c2-bb13-42f9-ac52-d2b5145a26de",
      "isHook": false,
      "skipped": false
    },
    {
      "title": "-1",
      "fullTitle": "特殊检测 -1",
      "timedOut": false,
      "duration": 0,
      "state": "passed",
      "speed": "fast",
      "pass": true,
      "fail": false,
      "pending": false,
      "code": "expect(csum(\"-1\")).to.be.equal(-1);",
      "err": {},
      "isRoot": false,
      "uuid": "4a3f0150-7d47-417b-9ecb-c63699c42f11",
      "parentUUID": "ec7136b8-3de5-45ce-ba87-b2cb59405a57",
      "isHook": false,
      "skipped": false
    },
    {
      "title": "-1+(+1)",
      "fullTitle": "特殊检测 -1+(+1)",
      "timedOut": false,
      "duration": 0,
      "state": "passed",
      "speed": "fast",
      "pass": true,
      "fail": false,
      "pending": false,
      "code": "expect(csum(\"-1+(+1)\")).to.be.equal(0);",
      "err": {},
      "isRoot": false,
      "uuid": "40ae35bf-c485-4cbc-976d-c36dc52823d6",
      "parentUUID": "ec7136b8-3de5-45ce-ba87-b2cb59405a57",
      "isHook": false,
      "skipped": false
    },
    {
      "title": "1+++2-+1",
      "fullTitle": "特殊检测 1+++2-+1",
      "timedOut": false,
      "duration": 0,
      "state": "passed",
      "speed": "fast",
      "pass": true,
      "fail": false,
      "pending": false,
      "code": "expect(csum(\"1+++2-+1\")).to.be.equal(2);",
      "err": {},
      "isRoot": false,
      "uuid": "0adcd759-5c8b-4d96-81a4-8ef48fcd4315",
      "parentUUID": "ec7136b8-3de5-45ce-ba87-b2cb59405a57",
      "isHook": false,
      "skipped": false
    },
    {
      "title": "ssin(30)",
      "fullTitle": "错误检测 ssin(30)",
      "timedOut": false,
      "duration": 0,
      "state": "passed",
      "speed": "fast",
      "pass": true,
      "fail": false,
      "pending": false,
      "code": "expect(csum(\"ssin(30)\")).to.be.an.instanceOf(Error);",
      "err": {},
      "isRoot": false,
      "uuid": "4c4051ff-9e0b-4989-ade7-f9770c94240e",
      "parentUUID": "2ec32080-5e51-49ea-bc9d-fd8376501f65",
      "isHook": false,
      "skipped": false
    },
    {
      "title": "3sin(30)",
      "fullTitle": "错误检测 3sin(30)",
      "timedOut": false,
      "duration": 0,
      "state": "passed",
      "speed": "fast",
      "pass": true,
      "fail": false,
      "pending": false,
      "code": "expect(csum(\"3din(30)\")).to.be.an.instanceOf(Error);",
      "err": {},
      "isRoot": false,
      "uuid": "490f02bf-5fbd-44fe-bf7f-087caa91b774",
      "parentUUID": "2ec32080-5e51-49ea-bc9d-fd8376501f65",
      "isHook": false,
      "skipped": false
    },
    {
      "title": "1+2*(1+1))",
      "fullTitle": "错误检测 1+2*(1+1))",
      "timedOut": false,
      "duration": 0,
      "state": "passed",
      "speed": "fast",
      "pass": true,
      "fail": false,
      "pending": false,
      "code": "expect(csum(\"1+2*(1+1))\")).to.be.an.instanceOf(Error);",
      "err": {},
      "isRoot": false,
      "uuid": "cd2cb939-2de7-4480-a43e-3c9bb62d9c8a",
      "parentUUID": "2ec32080-5e51-49ea-bc9d-fd8376501f65",
      "isHook": false,
      "skipped": false
    },
    {
      "title": "1+po w(2,2)",
      "fullTitle": "错误检测 1+po w(2,2)",
      "timedOut": false,
      "duration": 0,
      "state": "passed",
      "speed": "fast",
      "pass": true,
      "fail": false,
      "pending": false,
      "code": "expect(csum(\"1+po w(2,2)\")).to.be.an.instanceof(Error);",
      "err": {},
      "isRoot": false,
      "uuid": "9c8caad2-5304-4c01-bd1e-7c651d65e9dc",
      "parentUUID": "2ec32080-5e51-49ea-bc9d-fd8376501f65",
      "isHook": false,
      "skipped": false
    },
    {
      "title": "1+pow(2,2,2)",
      "fullTitle": "错误检测 1+pow(2,2,2)",
      "timedOut": false,
      "duration": 0,
      "state": "passed",
      "speed": "fast",
      "pass": true,
      "fail": false,
      "pending": false,
      "code": "expect(csum(\"1+pow(2,2,2)\")).to.be.an.instanceof(Error);",
      "err": {},
      "isRoot": false,
      "uuid": "d397924a-47fe-42ca-aca3-6acc8eb823e1",
      "parentUUID": "2ec32080-5e51-49ea-bc9d-fd8376501f65",
      "isHook": false,
      "skipped": false
    }
  ],
  "allFailures": [
    {
      "title": " -  1 + + 2 = 1",
      "fullTitle": "空白符检测  -  1 + + 2 = 1",
      "timedOut": false,
      "duration": 0,
      "state": "failed",
      "pass": false,
      "fail": true,
      "pending": false,
      "code": "expect(csum(\" -  1 + + 2 \")).to.be.equal(1);",
      "err": {
        "message": "AssertionError: expected [Error: 14:12] to equal 1",
        "estack": "AssertionError: expected [Error: 14:12] to equal 1\n    at Context.<anonymous> (C:/Users/winack/WebstormProjects/calc/test/main.test.js:47:44)"
      },
      "isRoot": false,
      "uuid": "c5ee4ed8-8f03-4adb-8c70-19ad7e0dc81d",
      "parentUUID": "3675ce9e-7d50-4cd2-b8c0-715c0cd221d7",
      "isHook": false,
      "skipped": false
    },
    {
      "title": "- 1 * 2",
      "fullTitle": "空白符检测 - 1 * 2",
      "timedOut": false,
      "duration": 0,
      "state": "failed",
      "pass": false,
      "fail": true,
      "pending": false,
      "code": "expect(csum(\"- 1 * 2 \")).to.be.equal(-2);",
      "err": {
        "message": "AssertionError: expected [Error: 14:8] to equal -2",
        "estack": "AssertionError: expected [Error: 14:8] to equal -2\n    at Context.<anonymous> (C:/Users/winack/WebstormProjects/calc/test/main.test.js:50:40)"
      },
      "isRoot": false,
      "uuid": "0eca8d24-d1c6-46af-8f0f-093623f75316",
      "parentUUID": "3675ce9e-7d50-4cd2-b8c0-715c0cd221d7",
      "isHook": false,
      "skipped": false
    }
  ],
  "copyrightYear": 2017
}